[1.277s] DEBUG:colcon:Command line arguments: ['/usr/bin/colcon', 'build']
[1.277s] DEBUG:colcon:Parsed command line arguments: Namespace(allow_overriding=[], ament_cmake_args=None, base_paths=['.'], build_base='build', catkin_cmake_args=None, catkin_skip_building_tests=False, cmake_args=None, cmake_clean_cache=False, cmake_clean_first=False, cmake_force_configure=False, cmake_target=None, cmake_target_skip_unavailable=False, continue_on_error=False, event_handlers=None, executor='parallel', ignore_user_meta=False, install_base='install', log_base=None, log_level=None, main=<bound method BuildVerb.main of <colcon_core.verb.build.BuildVerb object at 0x7f9e9800bb80>>, merge_install=False, metas=['./colcon.meta'], packages_above=None, packages_above_and_dependencies=None, packages_above_depth=None, packages_end=None, packages_ignore=None, packages_ignore_regex=None, packages_select=None, packages_select_build_failed=False, packages_select_by_dep=None, packages_select_regex=None, packages_select_test_failures=False, packages_skip=None, packages_skip_build_finished=False, packages_skip_by_dep=None, packages_skip_regex=None, packages_skip_test_passed=False, packages_skip_up_to=None, packages_start=None, packages_up_to=None, packages_up_to_regex=None, parallel_workers=2, paths=None, symlink_install=False, test_result_base=None, verb_extension=<colcon_core.verb.build.BuildVerb object at 0x7f9e9800bb80>, verb_name='build', verb_parser=<colcon_defaults.argument_parser.defaults.DefaultArgumentsDecorator object at 0x7f9e9801e130>)
[1.506s] Level 1:colcon.colcon_core.package_discovery:discover_packages(colcon_meta) check parameters
[1.506s] Level 1:colcon.colcon_core.package_discovery:discover_packages(recursive) check parameters
[1.506s] Level 1:colcon.colcon_core.package_discovery:discover_packages(ignore) check parameters
[1.507s] Level 1:colcon.colcon_core.package_discovery:discover_packages(path) check parameters
[1.507s] Level 1:colcon.colcon_core.package_discovery:discover_packages(colcon_meta) discover
[1.507s] Level 1:colcon.colcon_core.package_discovery:discover_packages(recursive) discover
[1.508s] INFO:colcon.colcon_core.package_discovery:Crawling recursively for packages in '/home/katharine/Workspaces/dev_ws'
[1.508s] Level 1:colcon.colcon_core.package_identification:_identify(.) by extensions ['ignore', 'ignore_ament_install']
[1.508s] Level 1:colcon.colcon_core.package_identification:_identify(.) by extension 'ignore'
[1.509s] Level 1:colcon.colcon_core.package_identification:_identify(.) by extension 'ignore_ament_install'
[1.509s] Level 1:colcon.colcon_core.package_identification:_identify(.) by extensions ['colcon_pkg']
[1.510s] Level 1:colcon.colcon_core.package_identification:_identify(.) by extension 'colcon_pkg'
[1.510s] Level 1:colcon.colcon_core.package_identification:_identify(.) by extensions ['colcon_meta']
[1.510s] Level 1:colcon.colcon_core.package_identification:_identify(.) by extension 'colcon_meta'
[1.510s] Level 1:colcon.colcon_core.package_identification:_identify(.) by extensions ['ros']
[1.510s] Level 1:colcon.colcon_core.package_identification:_identify(.) by extension 'ros'
[1.571s] Level 1:colcon.colcon_core.package_identification:_identify(.) by extensions ['cmake', 'python']
[1.571s] Level 1:colcon.colcon_core.package_identification:_identify(.) by extension 'cmake'
[1.571s] Level 1:colcon.colcon_core.package_identification:_identify(.) by extension 'python'
[1.571s] Level 1:colcon.colcon_core.package_identification:_identify(.) by extensions ['python_setup_py']
[1.571s] Level 1:colcon.colcon_core.package_identification:_identify(.) by extension 'python_setup_py'
[1.572s] Level 1:colcon.colcon_core.package_identification:_identify(build) by extensions ['ignore', 'ignore_ament_install']
[1.572s] Level 1:colcon.colcon_core.package_identification:_identify(build) by extension 'ignore'
[1.572s] Level 1:colcon.colcon_core.package_identification:_identify(build) ignored
[1.573s] Level 1:colcon.colcon_core.package_identification:_identify(install) by extensions ['ignore', 'ignore_ament_install']
[1.573s] Level 1:colcon.colcon_core.package_identification:_identify(install) by extension 'ignore'
[1.574s] Level 1:colcon.colcon_core.package_identification:_identify(install) ignored
[1.574s] Level 1:colcon.colcon_core.package_identification:_identify(log) by extensions ['ignore', 'ignore_ament_install']
[1.574s] Level 1:colcon.colcon_core.package_identification:_identify(log) by extension 'ignore'
[1.574s] Level 1:colcon.colcon_core.package_identification:_identify(log) ignored
[1.576s] Level 1:colcon.colcon_core.package_identification:_identify(src) by extensions ['ignore', 'ignore_ament_install']
[1.577s] Level 1:colcon.colcon_core.package_identification:_identify(src) by extension 'ignore'
[1.577s] Level 1:colcon.colcon_core.package_identification:_identify(src) by extension 'ignore_ament_install'
[1.577s] Level 1:colcon.colcon_core.package_identification:_identify(src) by extensions ['colcon_pkg']
[1.577s] Level 1:colcon.colcon_core.package_identification:_identify(src) by extension 'colcon_pkg'
[1.578s] Level 1:colcon.colcon_core.package_identification:_identify(src) by extensions ['colcon_meta']
[1.578s] Level 1:colcon.colcon_core.package_identification:_identify(src) by extension 'colcon_meta'
[1.578s] Level 1:colcon.colcon_core.package_identification:_identify(src) by extensions ['ros']
[1.578s] Level 1:colcon.colcon_core.package_identification:_identify(src) by extension 'ros'
[1.579s] Level 1:colcon.colcon_core.package_identification:_identify(src) by extensions ['cmake', 'python']
[1.579s] Level 1:colcon.colcon_core.package_identification:_identify(src) by extension 'cmake'
[1.579s] Level 1:colcon.colcon_core.package_identification:_identify(src) by extension 'python'
[1.580s] Level 1:colcon.colcon_core.package_identification:_identify(src) by extensions ['python_setup_py']
[1.580s] Level 1:colcon.colcon_core.package_identification:_identify(src) by extension 'python_setup_py'
[1.581s] Level 1:colcon.colcon_core.package_identification:_identify(src/basic_mobile_robot) by extensions ['ignore', 'ignore_ament_install']
[1.582s] Level 1:colcon.colcon_core.package_identification:_identify(src/basic_mobile_robot) by extension 'ignore'
[1.582s] Level 1:colcon.colcon_core.package_identification:_identify(src/basic_mobile_robot) by extension 'ignore_ament_install'
[1.583s] Level 1:colcon.colcon_core.package_identification:_identify(src/basic_mobile_robot) by extensions ['colcon_pkg']
[1.583s] Level 1:colcon.colcon_core.package_identification:_identify(src/basic_mobile_robot) by extension 'colcon_pkg'
[1.583s] Level 1:colcon.colcon_core.package_identification:_identify(src/basic_mobile_robot) by extensions ['colcon_meta']
[1.583s] Level 1:colcon.colcon_core.package_identification:_identify(src/basic_mobile_robot) by extension 'colcon_meta'
[1.584s] Level 1:colcon.colcon_core.package_identification:_identify(src/basic_mobile_robot) by extensions ['ros']
[1.584s] Level 1:colcon.colcon_core.package_identification:_identify(src/basic_mobile_robot) by extension 'ros'
[1.601s] DEBUG:colcon.colcon_core.package_identification:Package 'src/basic_mobile_robot' with type 'ros.ament_cmake' and name 'basic_mobile_robot'
[1.603s] Level 1:colcon.colcon_core.package_identification:_identify(src/build) by extensions ['ignore', 'ignore_ament_install']
[1.603s] Level 1:colcon.colcon_core.package_identification:_identify(src/build) by extension 'ignore'
[1.604s] Level 1:colcon.colcon_core.package_identification:_identify(src/build) ignored
[1.605s] Level 1:colcon.colcon_core.package_identification:_identify(src/install) by extensions ['ignore', 'ignore_ament_install']
[1.606s] Level 1:colcon.colcon_core.package_identification:_identify(src/install) by extension 'ignore'
[1.606s] Level 1:colcon.colcon_core.package_identification:_identify(src/install) ignored
[1.608s] Level 1:colcon.colcon_core.package_identification:_identify(src/log) by extensions ['ignore', 'ignore_ament_install']
[1.608s] Level 1:colcon.colcon_core.package_identification:_identify(src/log) by extension 'ignore'
[1.609s] Level 1:colcon.colcon_core.package_identification:_identify(src/log) ignored
[1.610s] Level 1:colcon.colcon_core.package_identification:_identify(src/rover_location_optitrack_pkg) by extensions ['ignore', 'ignore_ament_install']
[1.610s] Level 1:colcon.colcon_core.package_identification:_identify(src/rover_location_optitrack_pkg) by extension 'ignore'
[1.611s] Level 1:colcon.colcon_core.package_identification:_identify(src/rover_location_optitrack_pkg) by extension 'ignore_ament_install'
[1.611s] Level 1:colcon.colcon_core.package_identification:_identify(src/rover_location_optitrack_pkg) by extensions ['colcon_pkg']
[1.612s] Level 1:colcon.colcon_core.package_identification:_identify(src/rover_location_optitrack_pkg) by extension 'colcon_pkg'
[1.612s] Level 1:colcon.colcon_core.package_identification:_identify(src/rover_location_optitrack_pkg) by extensions ['colcon_meta']
[1.612s] Level 1:colcon.colcon_core.package_identification:_identify(src/rover_location_optitrack_pkg) by extension 'colcon_meta'
[1.612s] Level 1:colcon.colcon_core.package_identification:_identify(src/rover_location_optitrack_pkg) by extensions ['ros']
[1.613s] Level 1:colcon.colcon_core.package_identification:_identify(src/rover_location_optitrack_pkg) by extension 'ros'
[1.623s] DEBUG:colcon.colcon_core.package_identification:Package 'src/rover_location_optitrack_pkg' with type 'ros.ament_python' and name 'rover_location_optitrack_pkg'
[1.623s] Level 1:colcon.colcon_core.package_discovery:discover_packages(recursive) using defaults
[1.623s] Level 1:colcon.colcon_core.package_discovery:discover_packages(ignore) discover
[1.623s] Level 1:colcon.colcon_core.package_discovery:discover_packages(ignore) using defaults
[1.624s] Level 1:colcon.colcon_core.package_discovery:discover_packages(path) discover
[1.624s] Level 1:colcon.colcon_core.package_discovery:discover_packages(path) using defaults
[1.813s] Level 1:colcon.colcon_core.package_discovery:discover_packages(prefix_path) check parameters
[1.814s] Level 1:colcon.colcon_core.package_discovery:discover_packages(prefix_path) discover
[1.846s] DEBUG:colcon.colcon_installed_package_information.package_discovery:Found 1 installed packages in /home/katharine/Workspaces/dev_ws/install
[1.855s] DEBUG:colcon.colcon_installed_package_information.package_discovery:Found 31 installed packages in /home/katharine/nav2_ws/install
[1.866s] DEBUG:colcon.colcon_installed_package_information.package_discovery:Found 329 installed packages in /opt/ros/foxy
[1.884s] Level 1:colcon.colcon_core.package_discovery:discover_packages(prefix_path) using defaults
[2.589s] Level 5:colcon.colcon_core.verb:set package 'basic_mobile_robot' build argument 'cmake_args' from command line to 'None'
[2.589s] Level 5:colcon.colcon_core.verb:set package 'basic_mobile_robot' build argument 'cmake_target' from command line to 'None'
[2.589s] Level 5:colcon.colcon_core.verb:set package 'basic_mobile_robot' build argument 'cmake_target_skip_unavailable' from command line to 'False'
[2.589s] Level 5:colcon.colcon_core.verb:set package 'basic_mobile_robot' build argument 'cmake_clean_cache' from command line to 'False'
[2.589s] Level 5:colcon.colcon_core.verb:set package 'basic_mobile_robot' build argument 'cmake_clean_first' from command line to 'False'
[2.589s] Level 5:colcon.colcon_core.verb:set package 'basic_mobile_robot' build argument 'cmake_force_configure' from command line to 'False'
[2.590s] Level 5:colcon.colcon_core.verb:set package 'basic_mobile_robot' build argument 'ament_cmake_args' from command line to 'None'
[2.590s] Level 5:colcon.colcon_core.verb:set package 'basic_mobile_robot' build argument 'catkin_cmake_args' from command line to 'None'
[2.590s] Level 5:colcon.colcon_core.verb:set package 'basic_mobile_robot' build argument 'catkin_skip_building_tests' from command line to 'False'
[2.590s] DEBUG:colcon.colcon_core.verb:Building package 'basic_mobile_robot' with the following arguments: {'ament_cmake_args': None, 'build_base': '/home/katharine/Workspaces/dev_ws/build/basic_mobile_robot', 'catkin_cmake_args': None, 'catkin_skip_building_tests': False, 'cmake_args': None, 'cmake_clean_cache': False, 'cmake_clean_first': False, 'cmake_force_configure': False, 'cmake_target': None, 'cmake_target_skip_unavailable': False, 'install_base': '/home/katharine/Workspaces/dev_ws/install/basic_mobile_robot', 'merge_install': False, 'path': '/home/katharine/Workspaces/dev_ws/src/basic_mobile_robot', 'symlink_install': False, 'test_result_base': None}
[2.593s] Level 5:colcon.colcon_core.verb:set package 'rover_location_optitrack_pkg' build argument 'cmake_args' from command line to 'None'
[2.594s] Level 5:colcon.colcon_core.verb:set package 'rover_location_optitrack_pkg' build argument 'cmake_target' from command line to 'None'
[2.594s] Level 5:colcon.colcon_core.verb:set package 'rover_location_optitrack_pkg' build argument 'cmake_target_skip_unavailable' from command line to 'False'
[2.594s] Level 5:colcon.colcon_core.verb:set package 'rover_location_optitrack_pkg' build argument 'cmake_clean_cache' from command line to 'False'
[2.594s] Level 5:colcon.colcon_core.verb:set package 'rover_location_optitrack_pkg' build argument 'cmake_clean_first' from command line to 'False'
[2.594s] Level 5:colcon.colcon_core.verb:set package 'rover_location_optitrack_pkg' build argument 'cmake_force_configure' from command line to 'False'
[2.594s] Level 5:colcon.colcon_core.verb:set package 'rover_location_optitrack_pkg' build argument 'ament_cmake_args' from command line to 'None'
[2.594s] Level 5:colcon.colcon_core.verb:set package 'rover_location_optitrack_pkg' build argument 'catkin_cmake_args' from command line to 'None'
[2.594s] Level 5:colcon.colcon_core.verb:set package 'rover_location_optitrack_pkg' build argument 'catkin_skip_building_tests' from command line to 'False'
[2.594s] DEBUG:colcon.colcon_core.verb:Building package 'rover_location_optitrack_pkg' with the following arguments: {'ament_cmake_args': None, 'build_base': '/home/katharine/Workspaces/dev_ws/build/rover_location_optitrack_pkg', 'catkin_cmake_args': None, 'catkin_skip_building_tests': False, 'cmake_args': None, 'cmake_clean_cache': False, 'cmake_clean_first': False, 'cmake_force_configure': False, 'cmake_target': None, 'cmake_target_skip_unavailable': False, 'install_base': '/home/katharine/Workspaces/dev_ws/install/rover_location_optitrack_pkg', 'merge_install': False, 'path': '/home/katharine/Workspaces/dev_ws/src/rover_location_optitrack_pkg', 'symlink_install': False, 'test_result_base': None}
[2.596s] INFO:colcon.colcon_core.executor:Executing jobs using 'parallel' executor
[2.610s] DEBUG:colcon.colcon_parallel_executor.executor.parallel:run_until_complete
[2.611s] INFO:colcon.colcon_ros.task.ament_cmake.build:Building ROS package in '/home/katharine/Workspaces/dev_ws/src/basic_mobile_robot' with build type 'ament_cmake'
[2.612s] INFO:colcon.colcon_cmake.task.cmake.build:Building CMake package in '/home/katharine/Workspaces/dev_ws/src/basic_mobile_robot'
[2.652s] INFO:colcon.colcon_core.plugin_system:Skipping extension 'colcon_core.shell.bat': Not used on non-Windows systems
[2.653s] INFO:colcon.colcon_core.shell:Skip shell extension 'powershell' for command environment: Not usable outside of PowerShell
[2.653s] DEBUG:colcon.colcon_core.shell:Skip shell extension 'dsv' for command environment
[2.685s] INFO:colcon.colcon_ros.task.ament_python.build:Building ROS package in '/home/katharine/Workspaces/dev_ws/src/rover_location_optitrack_pkg' with build type 'ament_python'
[2.686s] Level 1:colcon.colcon_core.shell:create_environment_hook('rover_location_optitrack_pkg', 'ament_prefix_path')
[2.695s] INFO:colcon.colcon_core.shell:Creating environment hook '/home/katharine/Workspaces/dev_ws/install/rover_location_optitrack_pkg/share/rover_location_optitrack_pkg/hook/ament_prefix_path.ps1'
[2.702s] INFO:colcon.colcon_core.shell:Creating environment descriptor '/home/katharine/Workspaces/dev_ws/install/rover_location_optitrack_pkg/share/rover_location_optitrack_pkg/hook/ament_prefix_path.dsv'
[2.706s] INFO:colcon.colcon_core.shell:Creating environment hook '/home/katharine/Workspaces/dev_ws/install/rover_location_optitrack_pkg/share/rover_location_optitrack_pkg/hook/ament_prefix_path.sh'
[2.718s] INFO:colcon.colcon_core.shell:Skip shell extension 'powershell' for command environment: Not usable outside of PowerShell
[2.719s] DEBUG:colcon.colcon_core.shell:Skip shell extension 'dsv' for command environment
[2.809s] DEBUG:colcon.colcon_core.event_handler.log_command:Invoking command in '/home/katharine/Workspaces/dev_ws/build/basic_mobile_robot': CMAKE_PREFIX_PATH=${CMAKE_PREFIX_PATH}:/home/katharine/nav2_ws/install/nav2_gazebo_spawner:/opt/ros/foxy /usr/bin/cmake --build /home/katharine/Workspaces/dev_ws/build/basic_mobile_robot -- -j2 -l2
[3.960s] INFO:colcon.colcon_core.task.python.build:Building Python package in '/home/katharine/Workspaces/dev_ws/src/rover_location_optitrack_pkg'
[3.974s] INFO:colcon.colcon_core.shell:Skip shell extension 'powershell' for command environment: Not usable outside of PowerShell
[3.974s] DEBUG:colcon.colcon_core.shell:Skip shell extension 'dsv' for command environment
[4.029s] DEBUG:colcon.colcon_core.event_handler.log_command:Invoked command in '/home/katharine/Workspaces/dev_ws/build/basic_mobile_robot' returned '0': CMAKE_PREFIX_PATH=${CMAKE_PREFIX_PATH}:/home/katharine/nav2_ws/install/nav2_gazebo_spawner:/opt/ros/foxy /usr/bin/cmake --build /home/katharine/Workspaces/dev_ws/build/basic_mobile_robot -- -j2 -l2
[4.317s] DEBUG:colcon.colcon_core.event_handler.log_command:Invoking command in '/home/katharine/Workspaces/dev_ws/build/basic_mobile_robot': CMAKE_PREFIX_PATH=${CMAKE_PREFIX_PATH}:/home/katharine/nav2_ws/install/nav2_gazebo_spawner:/opt/ros/foxy /usr/bin/cmake --install /home/katharine/Workspaces/dev_ws/build/basic_mobile_robot
[4.467s] Level 1:colcon.colcon_core.environment:create_environment_scripts_only(basic_mobile_robot)
[4.471s] DEBUG:colcon.colcon_core.event_handler.log_command:Invoked command in '/home/katharine/Workspaces/dev_ws/build/basic_mobile_robot' returned '0': CMAKE_PREFIX_PATH=${CMAKE_PREFIX_PATH}:/home/katharine/nav2_ws/install/nav2_gazebo_spawner:/opt/ros/foxy /usr/bin/cmake --install /home/katharine/Workspaces/dev_ws/build/basic_mobile_robot
[4.544s] Level 1:colcon.colcon_core.environment:checking '/home/katharine/Workspaces/dev_ws/install/basic_mobile_robot' for CMake module files
[4.547s] Level 1:colcon.colcon_core.environment:checking '/home/katharine/Workspaces/dev_ws/install/basic_mobile_robot' for CMake config files
[4.552s] Level 1:colcon.colcon_core.shell:create_environment_hook('basic_mobile_robot', 'cmake_prefix_path')
[4.562s] INFO:colcon.colcon_core.shell:Creating environment hook '/home/katharine/Workspaces/dev_ws/install/basic_mobile_robot/share/basic_mobile_robot/hook/cmake_prefix_path.ps1'
[4.565s] INFO:colcon.colcon_core.shell:Creating environment descriptor '/home/katharine/Workspaces/dev_ws/install/basic_mobile_robot/share/basic_mobile_robot/hook/cmake_prefix_path.dsv'
[4.567s] INFO:colcon.colcon_core.shell:Creating environment hook '/home/katharine/Workspaces/dev_ws/install/basic_mobile_robot/share/basic_mobile_robot/hook/cmake_prefix_path.sh'
[4.571s] Level 1:colcon.colcon_core.environment:checking '/home/katharine/Workspaces/dev_ws/install/basic_mobile_robot/bin'
[4.572s] Level 1:colcon.colcon_core.environment:checking '/home/katharine/Workspaces/dev_ws/install/basic_mobile_robot/lib/pkgconfig/basic_mobile_robot.pc'
[4.573s] Level 1:colcon.colcon_core.environment:checking '/home/katharine/Workspaces/dev_ws/install/basic_mobile_robot/lib/python3.8/site-packages'
[4.574s] Level 1:colcon.colcon_core.environment:checking '/home/katharine/Workspaces/dev_ws/install/basic_mobile_robot/bin'
[4.580s] INFO:colcon.colcon_core.shell:Creating package script '/home/katharine/Workspaces/dev_ws/install/basic_mobile_robot/share/basic_mobile_robot/package.ps1'
[4.589s] INFO:colcon.colcon_core.shell:Creating package descriptor '/home/katharine/Workspaces/dev_ws/install/basic_mobile_robot/share/basic_mobile_robot/package.dsv'
[4.595s] INFO:colcon.colcon_core.shell:Creating package script '/home/katharine/Workspaces/dev_ws/install/basic_mobile_robot/share/basic_mobile_robot/package.sh'
[4.601s] INFO:colcon.colcon_core.shell:Creating package script '/home/katharine/Workspaces/dev_ws/install/basic_mobile_robot/share/basic_mobile_robot/package.bash'
[4.607s] INFO:colcon.colcon_core.shell:Creating package script '/home/katharine/Workspaces/dev_ws/install/basic_mobile_robot/share/basic_mobile_robot/package.zsh'
[4.612s] Level 1:colcon.colcon_core.environment:create_file_with_runtime_dependencies(/home/katharine/Workspaces/dev_ws/install/basic_mobile_robot/share/colcon-core/packages/basic_mobile_robot)
[4.815s] Level 1:colcon.colcon_core.environment:create_environment_scripts_only(basic_mobile_robot)
[4.830s] Level 1:colcon.colcon_core.environment:checking '/home/katharine/Workspaces/dev_ws/install/basic_mobile_robot' for CMake module files
[4.832s] Level 1:colcon.colcon_core.environment:checking '/home/katharine/Workspaces/dev_ws/install/basic_mobile_robot' for CMake config files
[4.833s] Level 1:colcon.colcon_core.shell:create_environment_hook('basic_mobile_robot', 'cmake_prefix_path')
[4.838s] INFO:colcon.colcon_core.shell:Creating environment hook '/home/katharine/Workspaces/dev_ws/install/basic_mobile_robot/share/basic_mobile_robot/hook/cmake_prefix_path.ps1'
[4.841s] INFO:colcon.colcon_core.shell:Creating environment descriptor '/home/katharine/Workspaces/dev_ws/install/basic_mobile_robot/share/basic_mobile_robot/hook/cmake_prefix_path.dsv'
[4.843s] INFO:colcon.colcon_core.shell:Creating environment hook '/home/katharine/Workspaces/dev_ws/install/basic_mobile_robot/share/basic_mobile_robot/hook/cmake_prefix_path.sh'
[4.846s] Level 1:colcon.colcon_core.environment:checking '/home/katharine/Workspaces/dev_ws/install/basic_mobile_robot/bin'
[4.846s] Level 1:colcon.colcon_core.environment:checking '/home/katharine/Workspaces/dev_ws/install/basic_mobile_robot/lib/pkgconfig/basic_mobile_robot.pc'
[4.847s] Level 1:colcon.colcon_core.environment:checking '/home/katharine/Workspaces/dev_ws/install/basic_mobile_robot/lib/python3.8/site-packages'
[4.848s] Level 1:colcon.colcon_core.environment:checking '/home/katharine/Workspaces/dev_ws/install/basic_mobile_robot/bin'
[4.857s] INFO:colcon.colcon_core.shell:Creating package script '/home/katharine/Workspaces/dev_ws/install/basic_mobile_robot/share/basic_mobile_robot/package.ps1'
[4.860s] INFO:colcon.colcon_core.shell:Creating package descriptor '/home/katharine/Workspaces/dev_ws/install/basic_mobile_robot/share/basic_mobile_robot/package.dsv'
[4.862s] INFO:colcon.colcon_core.shell:Creating package script '/home/katharine/Workspaces/dev_ws/install/basic_mobile_robot/share/basic_mobile_robot/package.sh'
[4.866s] INFO:colcon.colcon_core.shell:Creating package script '/home/katharine/Workspaces/dev_ws/install/basic_mobile_robot/share/basic_mobile_robot/package.bash'
[4.868s] INFO:colcon.colcon_core.shell:Creating package script '/home/katharine/Workspaces/dev_ws/install/basic_mobile_robot/share/basic_mobile_robot/package.zsh'
[4.871s] Level 1:colcon.colcon_core.environment:create_file_with_runtime_dependencies(/home/katharine/Workspaces/dev_ws/install/basic_mobile_robot/share/colcon-core/packages/basic_mobile_robot)
[6.088s] DEBUG:colcon.colcon_core.event_handler.log_command:Invoking command in '/home/katharine/Workspaces/dev_ws/src/rover_location_optitrack_pkg': PYTHONPATH=/home/katharine/Workspaces/dev_ws/install/rover_location_optitrack_pkg/lib/python3.8/site-packages:${PYTHONPATH} /usr/bin/python3 setup.py egg_info --egg-base ../../build/rover_location_optitrack_pkg build --build-base /home/katharine/Workspaces/dev_ws/build/rover_location_optitrack_pkg/build install --prefix /home/katharine/Workspaces/dev_ws/install/rover_location_optitrack_pkg --record /home/katharine/Workspaces/dev_ws/build/rover_location_optitrack_pkg/install.log --single-version-externally-managed
[7.287s] DEBUG:colcon.colcon_core.event_handler.log_command:Invoked command in '/home/katharine/Workspaces/dev_ws/src/rover_location_optitrack_pkg' returned '0': PYTHONPATH=/home/katharine/Workspaces/dev_ws/install/rover_location_optitrack_pkg/lib/python3.8/site-packages:${PYTHONPATH} /usr/bin/python3 setup.py egg_info --egg-base ../../build/rover_location_optitrack_pkg build --build-base /home/katharine/Workspaces/dev_ws/build/rover_location_optitrack_pkg/build install --prefix /home/katharine/Workspaces/dev_ws/install/rover_location_optitrack_pkg --record /home/katharine/Workspaces/dev_ws/build/rover_location_optitrack_pkg/install.log --single-version-externally-managed
[7.290s] Level 1:colcon.colcon_core.environment:checking '/home/katharine/Workspaces/dev_ws/install/rover_location_optitrack_pkg' for CMake module files
[7.292s] Level 1:colcon.colcon_core.environment:checking '/home/katharine/Workspaces/dev_ws/install/rover_location_optitrack_pkg' for CMake config files
[7.296s] Level 1:colcon.colcon_core.environment:checking '/home/katharine/Workspaces/dev_ws/install/rover_location_optitrack_pkg/lib'
[7.299s] Level 1:colcon.colcon_core.environment:checking '/home/katharine/Workspaces/dev_ws/install/rover_location_optitrack_pkg/bin'
[7.300s] Level 1:colcon.colcon_core.environment:checking '/home/katharine/Workspaces/dev_ws/install/rover_location_optitrack_pkg/lib/pkgconfig/rover_location_optitrack_pkg.pc'
[7.301s] Level 1:colcon.colcon_core.environment:checking '/home/katharine/Workspaces/dev_ws/install/rover_location_optitrack_pkg/lib/python3.8/site-packages'
[7.302s] Level 1:colcon.colcon_core.shell:create_environment_hook('rover_location_optitrack_pkg', 'pythonpath')
[7.307s] INFO:colcon.colcon_core.shell:Creating environment hook '/home/katharine/Workspaces/dev_ws/install/rover_location_optitrack_pkg/share/rover_location_optitrack_pkg/hook/pythonpath.ps1'
[7.308s] INFO:colcon.colcon_core.shell:Creating environment descriptor '/home/katharine/Workspaces/dev_ws/install/rover_location_optitrack_pkg/share/rover_location_optitrack_pkg/hook/pythonpath.dsv'
[7.309s] INFO:colcon.colcon_core.shell:Creating environment hook '/home/katharine/Workspaces/dev_ws/install/rover_location_optitrack_pkg/share/rover_location_optitrack_pkg/hook/pythonpath.sh'
[7.311s] Level 1:colcon.colcon_core.environment:checking '/home/katharine/Workspaces/dev_ws/install/rover_location_optitrack_pkg/bin'
[7.311s] Level 1:colcon.colcon_core.environment:create_environment_scripts_only(rover_location_optitrack_pkg)
[7.319s] INFO:colcon.colcon_core.shell:Creating package script '/home/katharine/Workspaces/dev_ws/install/rover_location_optitrack_pkg/share/rover_location_optitrack_pkg/package.ps1'
[7.322s] INFO:colcon.colcon_core.shell:Creating package descriptor '/home/katharine/Workspaces/dev_ws/install/rover_location_optitrack_pkg/share/rover_location_optitrack_pkg/package.dsv'
[7.324s] INFO:colcon.colcon_core.shell:Creating package script '/home/katharine/Workspaces/dev_ws/install/rover_location_optitrack_pkg/share/rover_location_optitrack_pkg/package.sh'
[7.326s] INFO:colcon.colcon_core.shell:Creating package script '/home/katharine/Workspaces/dev_ws/install/rover_location_optitrack_pkg/share/rover_location_optitrack_pkg/package.bash'
[7.327s] INFO:colcon.colcon_core.shell:Creating package script '/home/katharine/Workspaces/dev_ws/install/rover_location_optitrack_pkg/share/rover_location_optitrack_pkg/package.zsh'
[7.328s] Level 1:colcon.colcon_core.environment:create_file_with_runtime_dependencies(/home/katharine/Workspaces/dev_ws/install/rover_location_optitrack_pkg/share/colcon-core/packages/rover_location_optitrack_pkg)
[7.333s] DEBUG:colcon.colcon_parallel_executor.executor.parallel:closing loop
[7.333s] DEBUG:colcon.colcon_parallel_executor.executor.parallel:loop closed
[7.334s] DEBUG:colcon.colcon_parallel_executor.executor.parallel:run_until_complete finished with '0'
[7.334s] DEBUG:colcon.colcon_core.event_reactor:joining thread
[7.377s] INFO:colcon.colcon_core.plugin_system:Skipping extension 'colcon_notification.desktop_notification.terminal_notifier': Not used on non-Darwin systems
[7.377s] INFO:colcon.colcon_core.plugin_system:Skipping extension 'colcon_notification.desktop_notification.win32': Not used on non-Windows systems
[7.377s] INFO:colcon.colcon_notification.desktop_notification:Sending desktop notification using 'notify2'
[7.461s] DEBUG:colcon.colcon_core.event_reactor:joined thread
[7.472s] INFO:colcon.colcon_core.shell:Creating prefix script '/home/katharine/Workspaces/dev_ws/install/local_setup.ps1'
[7.478s] INFO:colcon.colcon_core.shell:Creating prefix util module '/home/katharine/Workspaces/dev_ws/install/_local_setup_util_ps1.py'
[7.488s] INFO:colcon.colcon_core.shell:Creating prefix chain script '/home/katharine/Workspaces/dev_ws/install/setup.ps1'
[7.498s] INFO:colcon.colcon_core.shell:Creating prefix script '/home/katharine/Workspaces/dev_ws/install/local_setup.sh'
[7.505s] INFO:colcon.colcon_core.shell:Creating prefix util module '/home/katharine/Workspaces/dev_ws/install/_local_setup_util_sh.py'
[7.507s] INFO:colcon.colcon_core.shell:Creating prefix chain script '/home/katharine/Workspaces/dev_ws/install/setup.sh'
[7.519s] INFO:colcon.colcon_core.shell:Creating prefix script '/home/katharine/Workspaces/dev_ws/install/local_setup.bash'
[7.523s] INFO:colcon.colcon_core.shell:Creating prefix chain script '/home/katharine/Workspaces/dev_ws/install/setup.bash'
[7.534s] INFO:colcon.colcon_core.shell:Creating prefix script '/home/katharine/Workspaces/dev_ws/install/local_setup.zsh'
[7.538s] INFO:colcon.colcon_core.shell:Creating prefix chain script '/home/katharine/Workspaces/dev_ws/install/setup.zsh'
