[0.103s] Invoking command in '/home/katharine/Workspaces/dev_ws/build/basic_mobile_robot': CMAKE_PREFIX_PATH=${CMAKE_PREFIX_PATH}:/home/katharine/nav2_ws/install/nav2_gazebo_spawner:/opt/ros/foxy /usr/bin/cmake --build /home/katharine/Workspaces/dev_ws/build/basic_mobile_robot -- -j2 -l2
[0.384s] Invoked command in '/home/katharine/Workspaces/dev_ws/build/basic_mobile_robot' returned '0': CMAKE_PREFIX_PATH=${CMAKE_PREFIX_PATH}:/home/katharine/nav2_ws/install/nav2_gazebo_spawner:/opt/ros/foxy /usr/bin/cmake --build /home/katharine/Workspaces/dev_ws/build/basic_mobile_robot -- -j2 -l2
[0.545s] Invoking command in '/home/katharine/Workspaces/dev_ws/build/basic_mobile_robot': CMAKE_PREFIX_PATH=${CMAKE_PREFIX_PATH}:/home/katharine/nav2_ws/install/nav2_gazebo_spawner:/opt/ros/foxy /usr/bin/cmake --install /home/katharine/Workspaces/dev_ws/build/basic_mobile_robot
[0.572s] -- Install configuration: ""
[0.573s] -- Up-to-date: /home/katharine/Workspaces/dev_ws/install/basic_mobile_robot/share/basic_mobile_robot/config
[0.574s] -- Up-to-date: /home/katharine/Workspaces/dev_ws/install/basic_mobile_robot/share/basic_mobile_robot/launch
[0.575s] -- Installing: /home/katharine/Workspaces/dev_ws/install/basic_mobile_robot/share/basic_mobile_robot/launch/basic_mobile_bot_v2.launch.py
[0.575s] -- Up-to-date: /home/katharine/Workspaces/dev_ws/install/basic_mobile_robot/share/basic_mobile_robot/launch/basic_mobile_bot_v1.launch.py
[0.576s] -- Up-to-date: /home/katharine/Workspaces/dev_ws/install/basic_mobile_robot/share/basic_mobile_robot/maps
[0.577s] -- Up-to-date: /home/katharine/Workspaces/dev_ws/install/basic_mobile_robot/share/basic_mobile_robot/meshes
[0.580s] -- Up-to-date: /home/katharine/Workspaces/dev_ws/install/basic_mobile_robot/share/basic_mobile_robot/meshes/bicep.stl
[0.582s] -- Up-to-date: /home/katharine/Workspaces/dev_ws/install/basic_mobile_robot/share/basic_mobile_robot/meshes/robot_base.stl
[0.582s] -- Up-to-date: /home/katharine/Workspaces/dev_ws/install/basic_mobile_robot/share/basic_mobile_robot/meshes/elbow.stl
[0.583s] -- Up-to-date: /home/katharine/Workspaces/dev_ws/install/basic_mobile_robot/share/basic_mobile_robot/meshes/arm_base.stl
[0.583s] -- Up-to-date: /home/katharine/Workspaces/dev_ws/install/basic_mobile_robot/share/basic_mobile_robot/meshes/wheel.stl
[0.583s] -- Up-to-date: /home/katharine/Workspaces/dev_ws/install/basic_mobile_robot/share/basic_mobile_robot/meshes/wrist.stl
[0.583s] -- Up-to-date: /home/katharine/Workspaces/dev_ws/install/basic_mobile_robot/share/basic_mobile_robot/models
[0.584s] -- Installing: /home/katharine/Workspaces/dev_ws/install/basic_mobile_robot/share/basic_mobile_robot/models/basic_mobile_bot_description
[0.585s] -- Installing: /home/katharine/Workspaces/dev_ws/install/basic_mobile_robot/share/basic_mobile_robot/models/basic_mobile_bot_description/meshes
[0.586s] -- Installing: /home/katharine/Workspaces/dev_ws/install/basic_mobile_robot/share/basic_mobile_robot/models/basic_mobile_bot_description/meshes/bicep.stl
[0.590s] -- Installing: /home/katharine/Workspaces/dev_ws/install/basic_mobile_robot/share/basic_mobile_robot/models/basic_mobile_bot_description/meshes/robot_base.stl
[0.595s] -- Installing: /home/katharine/Workspaces/dev_ws/install/basic_mobile_robot/share/basic_mobile_robot/models/basic_mobile_bot_description/meshes/elbow.stl
[0.599s] -- Installing: /home/katharine/Workspaces/dev_ws/install/basic_mobile_robot/share/basic_mobile_robot/models/basic_mobile_bot_description/meshes/arm_base.stl
[0.606s] -- Installing: /home/katharine/Workspaces/dev_ws/install/basic_mobile_robot/share/basic_mobile_robot/models/basic_mobile_bot_description/meshes/wheel.stl
[0.610s] -- Installing: /home/katharine/Workspaces/dev_ws/install/basic_mobile_robot/share/basic_mobile_robot/models/basic_mobile_bot_description/meshes/wrist.stl
[0.620s] -- Installing: /home/katharine/Workspaces/dev_ws/install/basic_mobile_robot/share/basic_mobile_robot/models/basic_mobile_bot_description/model.sdf
[0.622s] -- Installing: /home/katharine/Workspaces/dev_ws/install/basic_mobile_robot/share/basic_mobile_robot/models/basic_mobile_bot_description/model.config
[0.624s] -- Up-to-date: /home/katharine/Workspaces/dev_ws/install/basic_mobile_robot/share/basic_mobile_robot/models/basic_mobile_bot_v1.urdf
[0.626s] -- Up-to-date: /home/katharine/Workspaces/dev_ws/install/basic_mobile_robot/share/basic_mobile_robot/params
[0.627s] -- Up-to-date: /home/katharine/Workspaces/dev_ws/install/basic_mobile_robot/share/basic_mobile_robot/rviz
[0.631s] -- Up-to-date: /home/katharine/Workspaces/dev_ws/install/basic_mobile_robot/share/basic_mobile_robot/rviz/urdf_config.rviz
[0.632s] -- Up-to-date: /home/katharine/Workspaces/dev_ws/install/basic_mobile_robot/share/basic_mobile_robot/src
[0.638s] -- Up-to-date: /home/katharine/Workspaces/dev_ws/install/basic_mobile_robot/share/basic_mobile_robot/worlds
[0.638s] -- Installing: /home/katharine/Workspaces/dev_ws/install/basic_mobile_robot/share/basic_mobile_robot/worlds/basic_mobile_bot_world
[0.639s] -- Installing: /home/katharine/Workspaces/dev_ws/install/basic_mobile_robot/share/basic_mobile_robot/worlds/basic_mobile_bot_world/smalltown.world
[0.643s] -- Up-to-date: /home/katharine/Workspaces/dev_ws/install/basic_mobile_robot/share/ament_index/resource_index/package_run_dependencies/basic_mobile_robot
[0.645s] -- Up-to-date: /home/katharine/Workspaces/dev_ws/install/basic_mobile_robot/share/ament_index/resource_index/parent_prefix_path/basic_mobile_robot
[0.646s] -- Installing: /home/katharine/Workspaces/dev_ws/install/basic_mobile_robot/share/basic_mobile_robot/environment/ament_prefix_path.sh
[0.648s] -- Up-to-date: /home/katharine/Workspaces/dev_ws/install/basic_mobile_robot/share/basic_mobile_robot/environment/ament_prefix_path.dsv
[0.649s] -- Installing: /home/katharine/Workspaces/dev_ws/install/basic_mobile_robot/share/basic_mobile_robot/environment/path.sh
[0.651s] -- Up-to-date: /home/katharine/Workspaces/dev_ws/install/basic_mobile_robot/share/basic_mobile_robot/environment/path.dsv
[0.652s] -- Up-to-date: /home/katharine/Workspaces/dev_ws/install/basic_mobile_robot/share/basic_mobile_robot/local_setup.bash
[0.653s] -- Up-to-date: /home/katharine/Workspaces/dev_ws/install/basic_mobile_robot/share/basic_mobile_robot/local_setup.sh
[0.653s] -- Up-to-date: /home/katharine/Workspaces/dev_ws/install/basic_mobile_robot/share/basic_mobile_robot/local_setup.zsh
[0.654s] -- Up-to-date: /home/katharine/Workspaces/dev_ws/install/basic_mobile_robot/share/basic_mobile_robot/local_setup.dsv
[0.655s] -- Installing: /home/katharine/Workspaces/dev_ws/install/basic_mobile_robot/share/basic_mobile_robot/package.dsv
[0.657s] -- Up-to-date: /home/katharine/Workspaces/dev_ws/install/basic_mobile_robot/share/ament_index/resource_index/packages/basic_mobile_robot
[0.659s] -- Up-to-date: /home/katharine/Workspaces/dev_ws/install/basic_mobile_robot/share/basic_mobile_robot/cmake/basic_mobile_robotConfig.cmake
[0.661s] -- Up-to-date: /home/katharine/Workspaces/dev_ws/install/basic_mobile_robot/share/basic_mobile_robot/cmake/basic_mobile_robotConfig-version.cmake
[0.662s] -- Up-to-date: /home/katharine/Workspaces/dev_ws/install/basic_mobile_robot/share/basic_mobile_robot/package.xml
[0.674s] Invoked command in '/home/katharine/Workspaces/dev_ws/build/basic_mobile_robot' returned '0': CMAKE_PREFIX_PATH=${CMAKE_PREFIX_PATH}:/home/katharine/nav2_ws/install/nav2_gazebo_spawner:/opt/ros/foxy /usr/bin/cmake --install /home/katharine/Workspaces/dev_ws/build/basic_mobile_robot
