[0.177s] Invoking command in '/home/katharine/Workspaces/dev_ws/build/basic_mobile_robot': CMAKE_PREFIX_PATH=${CMAKE_PREFIX_PATH}:/home/katharine/Workspaces/dev_ws/install/rover_location_optitrack_pkg:/home/katharine/nav2_ws/install/nav2_gazebo_spawner:/opt/ros/foxy /usr/bin/cmake --build /home/katharine/Workspaces/dev_ws/build/basic_mobile_robot -- -j2 -l2
[1.317s] Invoked command in '/home/katharine/Workspaces/dev_ws/build/basic_mobile_robot' returned '0': CMAKE_PREFIX_PATH=${CMAKE_PREFIX_PATH}:/home/katharine/Workspaces/dev_ws/install/rover_location_optitrack_pkg:/home/katharine/nav2_ws/install/nav2_gazebo_spawner:/opt/ros/foxy /usr/bin/cmake --build /home/katharine/Workspaces/dev_ws/build/basic_mobile_robot -- -j2 -l2
[1.547s] Invoking command in '/home/katharine/Workspaces/dev_ws/build/basic_mobile_robot': CMAKE_PREFIX_PATH=${CMAKE_PREFIX_PATH}:/home/katharine/Workspaces/dev_ws/install/rover_location_optitrack_pkg:/home/katharine/nav2_ws/install/nav2_gazebo_spawner:/opt/ros/foxy /usr/bin/cmake --install /home/katharine/Workspaces/dev_ws/build/basic_mobile_robot
[1.629s] -- Install configuration: ""
[1.632s] -- Up-to-date: /home/katharine/Workspaces/dev_ws/install/basic_mobile_robot/share/basic_mobile_robot/config
[1.633s] -- Up-to-date: /home/katharine/Workspaces/dev_ws/install/basic_mobile_robot/share/basic_mobile_robot/config/ekf.yaml
[1.634s] -- Up-to-date: /home/katharine/Workspaces/dev_ws/install/basic_mobile_robot/share/basic_mobile_robot/launch
[1.635s] -- Up-to-date: /home/katharine/Workspaces/dev_ws/install/basic_mobile_robot/share/basic_mobile_robot/launch/basic_mobile_bot_v5.launch.py
[1.636s] -- Up-to-date: /home/katharine/Workspaces/dev_ws/install/basic_mobile_robot/share/basic_mobile_robot/launch/basic_mobile_bot_v2.launch.py
[1.637s] -- Up-to-date: /home/katharine/Workspaces/dev_ws/install/basic_mobile_robot/share/basic_mobile_robot/launch/basic_mobile_bot_v1.launch.py
[1.638s] -- Up-to-date: /home/katharine/Workspaces/dev_ws/install/basic_mobile_robot/share/basic_mobile_robot/launch/basic_mobile_bot_v4.launch.py
[1.639s] -- Up-to-date: /home/katharine/Workspaces/dev_ws/install/basic_mobile_robot/share/basic_mobile_robot/launch/urg_launch.py
[1.640s] -- Up-to-date: /home/katharine/Workspaces/dev_ws/install/basic_mobile_robot/share/basic_mobile_robot/launch/map_saver.launch.py
[1.642s] -- Up-to-date: /home/katharine/Workspaces/dev_ws/install/basic_mobile_robot/share/basic_mobile_robot/launch/basic_mobile_bot_slam.launch.py
[1.643s] -- Up-to-date: /home/katharine/Workspaces/dev_ws/install/basic_mobile_robot/share/basic_mobile_robot/maps
[1.644s] -- Up-to-date: /home/katharine/Workspaces/dev_ws/install/basic_mobile_robot/share/basic_mobile_robot/meshes
[1.645s] -- Up-to-date: /home/katharine/Workspaces/dev_ws/install/basic_mobile_robot/share/basic_mobile_robot/meshes/bicep.stl
[1.646s] -- Up-to-date: /home/katharine/Workspaces/dev_ws/install/basic_mobile_robot/share/basic_mobile_robot/meshes/Chasis.stl
[1.646s] -- Up-to-date: /home/katharine/Workspaces/dev_ws/install/basic_mobile_robot/share/basic_mobile_robot/meshes/robot_base.stl
[1.647s] -- Up-to-date: /home/katharine/Workspaces/dev_ws/install/basic_mobile_robot/share/basic_mobile_robot/meshes/elbow.stl
[1.648s] -- Up-to-date: /home/katharine/Workspaces/dev_ws/install/basic_mobile_robot/share/basic_mobile_robot/meshes/arm_base.stl
[1.649s] -- Up-to-date: /home/katharine/Workspaces/dev_ws/install/basic_mobile_robot/share/basic_mobile_robot/meshes/wheel.stl
[1.649s] -- Up-to-date: /home/katharine/Workspaces/dev_ws/install/basic_mobile_robot/share/basic_mobile_robot/meshes/Orugas.stl
[1.649s] -- Up-to-date: /home/katharine/Workspaces/dev_ws/install/basic_mobile_robot/share/basic_mobile_robot/meshes/wrist.stl
[1.650s] -- Up-to-date: /home/katharine/Workspaces/dev_ws/install/basic_mobile_robot/share/basic_mobile_robot/models
[1.660s] -- Up-to-date: /home/katharine/Workspaces/dev_ws/install/basic_mobile_robot/share/basic_mobile_robot/models/basic_mobile_bot_v2.urdf
[1.661s] -- Up-to-date: /home/katharine/Workspaces/dev_ws/install/basic_mobile_robot/share/basic_mobile_robot/models/basic_mobile_bot_description
[1.666s] -- Up-to-date: /home/katharine/Workspaces/dev_ws/install/basic_mobile_robot/share/basic_mobile_robot/models/basic_mobile_bot_description/meshes
[1.666s] -- Up-to-date: /home/katharine/Workspaces/dev_ws/install/basic_mobile_robot/share/basic_mobile_robot/models/basic_mobile_bot_description/meshes/bicep.stl
[1.667s] -- Up-to-date: /home/katharine/Workspaces/dev_ws/install/basic_mobile_robot/share/basic_mobile_robot/models/basic_mobile_bot_description/meshes/Chasis.stl
[1.677s] -- Up-to-date: /home/katharine/Workspaces/dev_ws/install/basic_mobile_robot/share/basic_mobile_robot/models/basic_mobile_bot_description/meshes/robot_base.stl
[1.678s] -- Up-to-date: /home/katharine/Workspaces/dev_ws/install/basic_mobile_robot/share/basic_mobile_robot/models/basic_mobile_bot_description/meshes/elbow.stl
[1.679s] -- Up-to-date: /home/katharine/Workspaces/dev_ws/install/basic_mobile_robot/share/basic_mobile_robot/models/basic_mobile_bot_description/meshes/arm_base.stl
[1.680s] -- Up-to-date: /home/katharine/Workspaces/dev_ws/install/basic_mobile_robot/share/basic_mobile_robot/models/basic_mobile_bot_description/meshes/wheel.stl
[1.681s] -- Up-to-date: /home/katharine/Workspaces/dev_ws/install/basic_mobile_robot/share/basic_mobile_robot/models/basic_mobile_bot_description/meshes/Orugas.stl
[1.695s] -- Up-to-date: /home/katharine/Workspaces/dev_ws/install/basic_mobile_robot/share/basic_mobile_robot/models/basic_mobile_bot_description/meshes/wrist.stl
[1.695s] -- Up-to-date: /home/katharine/Workspaces/dev_ws/install/basic_mobile_robot/share/basic_mobile_robot/models/basic_mobile_bot_description/model.sdf
[1.696s] -- Up-to-date: /home/katharine/Workspaces/dev_ws/install/basic_mobile_robot/share/basic_mobile_robot/models/basic_mobile_bot_description/model1.sdf
[1.699s] -- Up-to-date: /home/katharine/Workspaces/dev_ws/install/basic_mobile_robot/share/basic_mobile_robot/models/basic_mobile_bot_description/model.config
[1.699s] -- Up-to-date: /home/katharine/Workspaces/dev_ws/install/basic_mobile_robot/share/basic_mobile_robot/models/basic_mobile_bot_description/original.txt
[1.700s] -- Up-to-date: /home/katharine/Workspaces/dev_ws/install/basic_mobile_robot/share/basic_mobile_robot/models/basic_mobile_bot_v2 original.urdf
[1.701s] -- Up-to-date: /home/katharine/Workspaces/dev_ws/install/basic_mobile_robot/share/basic_mobile_robot/models/basic_mobile_bot_v1.urdf
[1.706s] -- Up-to-date: /home/katharine/Workspaces/dev_ws/install/basic_mobile_robot/share/basic_mobile_robot/params
[1.706s] -- Up-to-date: /home/katharine/Workspaces/dev_ws/install/basic_mobile_robot/share/basic_mobile_robot/params/mapper_params_online_sync.yaml
[1.706s] -- Up-to-date: /home/katharine/Workspaces/dev_ws/install/basic_mobile_robot/share/basic_mobile_robot/params/map_saver_params.yaml
[1.707s] -- Up-to-date: /home/katharine/Workspaces/dev_ws/install/basic_mobile_robot/share/basic_mobile_robot/params/urg.yaml
[1.707s] -- Up-to-date: /home/katharine/Workspaces/dev_ws/install/basic_mobile_robot/share/basic_mobile_robot/params/nav2_params.yaml
[1.708s] -- Up-to-date: /home/katharine/Workspaces/dev_ws/install/basic_mobile_robot/share/basic_mobile_robot/rviz
[1.708s] -- Up-to-date: /home/katharine/Workspaces/dev_ws/install/basic_mobile_robot/share/basic_mobile_robot/rviz/urdf_config.rviz
[1.708s] -- Up-to-date: /home/katharine/Workspaces/dev_ws/install/basic_mobile_robot/share/basic_mobile_robot/rviz/nav2_config.rviz
[1.709s] -- Up-to-date: /home/katharine/Workspaces/dev_ws/install/basic_mobile_robot/share/basic_mobile_robot/src
[1.709s] -- Up-to-date: /home/katharine/Workspaces/dev_ws/install/basic_mobile_robot/share/basic_mobile_robot/worlds
[1.709s] -- Up-to-date: /home/katharine/Workspaces/dev_ws/install/basic_mobile_robot/share/basic_mobile_robot/worlds/basic_mobile_bot_world
[1.710s] -- Up-to-date: /home/katharine/Workspaces/dev_ws/install/basic_mobile_robot/share/basic_mobile_robot/worlds/basic_mobile_bot_world/smalltown.world
[1.710s] -- Up-to-date: /home/katharine/Workspaces/dev_ws/install/basic_mobile_robot/share/ament_index/resource_index/package_run_dependencies/basic_mobile_robot
[1.711s] -- Up-to-date: /home/katharine/Workspaces/dev_ws/install/basic_mobile_robot/share/ament_index/resource_index/parent_prefix_path/basic_mobile_robot
[1.711s] -- Up-to-date: /home/katharine/Workspaces/dev_ws/install/basic_mobile_robot/share/basic_mobile_robot/environment/ament_prefix_path.sh
[1.711s] -- Up-to-date: /home/katharine/Workspaces/dev_ws/install/basic_mobile_robot/share/basic_mobile_robot/environment/ament_prefix_path.dsv
[1.712s] -- Up-to-date: /home/katharine/Workspaces/dev_ws/install/basic_mobile_robot/share/basic_mobile_robot/environment/path.sh
[1.712s] -- Up-to-date: /home/katharine/Workspaces/dev_ws/install/basic_mobile_robot/share/basic_mobile_robot/environment/path.dsv
[1.712s] -- Up-to-date: /home/katharine/Workspaces/dev_ws/install/basic_mobile_robot/share/basic_mobile_robot/local_setup.bash
[1.722s] -- Up-to-date: /home/katharine/Workspaces/dev_ws/install/basic_mobile_robot/share/basic_mobile_robot/local_setup.sh
[1.723s] -- Up-to-date: /home/katharine/Workspaces/dev_ws/install/basic_mobile_robot/share/basic_mobile_robot/local_setup.zsh
[1.724s] -- Up-to-date: /home/katharine/Workspaces/dev_ws/install/basic_mobile_robot/share/basic_mobile_robot/local_setup.dsv
[1.724s] -- Installing: /home/katharine/Workspaces/dev_ws/install/basic_mobile_robot/share/basic_mobile_robot/package.dsv
[1.725s] -- Up-to-date: /home/katharine/Workspaces/dev_ws/install/basic_mobile_robot/share/ament_index/resource_index/packages/basic_mobile_robot
[1.725s] -- Up-to-date: /home/katharine/Workspaces/dev_ws/install/basic_mobile_robot/share/basic_mobile_robot/cmake/basic_mobile_robotConfig.cmake
[1.726s] -- Up-to-date: /home/katharine/Workspaces/dev_ws/install/basic_mobile_robot/share/basic_mobile_robot/cmake/basic_mobile_robotConfig-version.cmake
[1.726s] -- Up-to-date: /home/katharine/Workspaces/dev_ws/install/basic_mobile_robot/share/basic_mobile_robot/package.xml
[1.728s] Invoked command in '/home/katharine/Workspaces/dev_ws/build/basic_mobile_robot' returned '0': CMAKE_PREFIX_PATH=${CMAKE_PREFIX_PATH}:/home/katharine/Workspaces/dev_ws/install/rover_location_optitrack_pkg:/home/katharine/nav2_ws/install/nav2_gazebo_spawner:/opt/ros/foxy /usr/bin/cmake --install /home/katharine/Workspaces/dev_ws/build/basic_mobile_robot
