[0.068s] Invoking command in '/home/katharine/Workspaces/dev_ws/build/basic_mobile_robot': CMAKE_PREFIX_PATH=${CMAKE_PREFIX_PATH}:/home/katharine/nav2_ws/install/nav2_gazebo_spawner:/opt/ros/foxy /usr/bin/cmake --build /home/katharine/Workspaces/dev_ws/build/basic_mobile_robot -- -j2 -l2
[0.313s] Invoked command in '/home/katharine/Workspaces/dev_ws/build/basic_mobile_robot' returned '0': CMAKE_PREFIX_PATH=${CMAKE_PREFIX_PATH}:/home/katharine/nav2_ws/install/nav2_gazebo_spawner:/opt/ros/foxy /usr/bin/cmake --build /home/katharine/Workspaces/dev_ws/build/basic_mobile_robot -- -j2 -l2
[0.402s] Invoking command in '/home/katharine/Workspaces/dev_ws/build/basic_mobile_robot': CMAKE_PREFIX_PATH=${CMAKE_PREFIX_PATH}:/home/katharine/nav2_ws/install/nav2_gazebo_spawner:/opt/ros/foxy /usr/bin/cmake --install /home/katharine/Workspaces/dev_ws/build/basic_mobile_robot
[0.420s] -- Install configuration: ""
[0.420s] -- Up-to-date: /home/katharine/Workspaces/dev_ws/install/basic_mobile_robot/share/basic_mobile_robot/config
[0.421s] -- Up-to-date: /home/katharine/Workspaces/dev_ws/install/basic_mobile_robot/share/basic_mobile_robot/config/ekf.yaml
[0.421s] -- Up-to-date: /home/katharine/Workspaces/dev_ws/install/basic_mobile_robot/share/basic_mobile_robot/launch
[0.422s] -- Up-to-date: /home/katharine/Workspaces/dev_ws/install/basic_mobile_robot/share/basic_mobile_robot/launch/basic_mobile_bot_v5.launch.py
[0.423s] -- Up-to-date: /home/katharine/Workspaces/dev_ws/install/basic_mobile_robot/share/basic_mobile_robot/launch/basic_mobile_bot_v2.launch.py
[0.423s] -- Up-to-date: /home/katharine/Workspaces/dev_ws/install/basic_mobile_robot/share/basic_mobile_robot/launch/basic_mobile_bot_v1.launch.py
[0.424s] -- Up-to-date: /home/katharine/Workspaces/dev_ws/install/basic_mobile_robot/share/basic_mobile_robot/launch/basic_mobile_bot_v4.launch.py
[0.424s] -- Installing: /home/katharine/Workspaces/dev_ws/install/basic_mobile_robot/share/basic_mobile_robot/launch/map_saver.launch.py
[0.425s] -- Up-to-date: /home/katharine/Workspaces/dev_ws/install/basic_mobile_robot/share/basic_mobile_robot/maps
[0.426s] -- Up-to-date: /home/katharine/Workspaces/dev_ws/install/basic_mobile_robot/share/basic_mobile_robot/meshes
[0.428s] -- Up-to-date: /home/katharine/Workspaces/dev_ws/install/basic_mobile_robot/share/basic_mobile_robot/meshes/bicep.stl
[0.428s] -- Up-to-date: /home/katharine/Workspaces/dev_ws/install/basic_mobile_robot/share/basic_mobile_robot/meshes/robot_base.stl
[0.429s] -- Up-to-date: /home/katharine/Workspaces/dev_ws/install/basic_mobile_robot/share/basic_mobile_robot/meshes/elbow.stl
[0.429s] -- Up-to-date: /home/katharine/Workspaces/dev_ws/install/basic_mobile_robot/share/basic_mobile_robot/meshes/arm_base.stl
[0.429s] -- Up-to-date: /home/katharine/Workspaces/dev_ws/install/basic_mobile_robot/share/basic_mobile_robot/meshes/wheel.stl
[0.430s] -- Up-to-date: /home/katharine/Workspaces/dev_ws/install/basic_mobile_robot/share/basic_mobile_robot/meshes/wrist.stl
[0.431s] -- Up-to-date: /home/katharine/Workspaces/dev_ws/install/basic_mobile_robot/share/basic_mobile_robot/models
[0.432s] -- Up-to-date: /home/katharine/Workspaces/dev_ws/install/basic_mobile_robot/share/basic_mobile_robot/models/basic_mobile_bot_v2.urdf
[0.432s] -- Up-to-date: /home/katharine/Workspaces/dev_ws/install/basic_mobile_robot/share/basic_mobile_robot/models/basic_mobile_bot_description
[0.433s] -- Up-to-date: /home/katharine/Workspaces/dev_ws/install/basic_mobile_robot/share/basic_mobile_robot/models/basic_mobile_bot_description/meshes
[0.433s] -- Up-to-date: /home/katharine/Workspaces/dev_ws/install/basic_mobile_robot/share/basic_mobile_robot/models/basic_mobile_bot_description/meshes/bicep.stl
[0.433s] -- Up-to-date: /home/katharine/Workspaces/dev_ws/install/basic_mobile_robot/share/basic_mobile_robot/models/basic_mobile_bot_description/meshes/robot_base.stl
[0.434s] -- Up-to-date: /home/katharine/Workspaces/dev_ws/install/basic_mobile_robot/share/basic_mobile_robot/models/basic_mobile_bot_description/meshes/elbow.stl
[0.434s] -- Up-to-date: /home/katharine/Workspaces/dev_ws/install/basic_mobile_robot/share/basic_mobile_robot/models/basic_mobile_bot_description/meshes/arm_base.stl
[0.434s] -- Up-to-date: /home/katharine/Workspaces/dev_ws/install/basic_mobile_robot/share/basic_mobile_robot/models/basic_mobile_bot_description/meshes/wheel.stl
[0.437s] -- Up-to-date: /home/katharine/Workspaces/dev_ws/install/basic_mobile_robot/share/basic_mobile_robot/models/basic_mobile_bot_description/meshes/wrist.stl
[0.437s] -- Up-to-date: /home/katharine/Workspaces/dev_ws/install/basic_mobile_robot/share/basic_mobile_robot/models/basic_mobile_bot_description/model.sdf
[0.438s] -- Up-to-date: /home/katharine/Workspaces/dev_ws/install/basic_mobile_robot/share/basic_mobile_robot/models/basic_mobile_bot_description/model.config
[0.439s] -- Up-to-date: /home/katharine/Workspaces/dev_ws/install/basic_mobile_robot/share/basic_mobile_robot/models/basic_mobile_bot_v1.urdf
[0.440s] -- Up-to-date: /home/katharine/Workspaces/dev_ws/install/basic_mobile_robot/share/basic_mobile_robot/params
[0.440s] -- Installing: /home/katharine/Workspaces/dev_ws/install/basic_mobile_robot/share/basic_mobile_robot/params/map_saver_params.yaml
[0.441s] -- Up-to-date: /home/katharine/Workspaces/dev_ws/install/basic_mobile_robot/share/basic_mobile_robot/params/nav2_params.yaml
[0.441s] -- Up-to-date: /home/katharine/Workspaces/dev_ws/install/basic_mobile_robot/share/basic_mobile_robot/rviz
[0.442s] -- Up-to-date: /home/katharine/Workspaces/dev_ws/install/basic_mobile_robot/share/basic_mobile_robot/rviz/urdf_config.rviz
[0.442s] -- Up-to-date: /home/katharine/Workspaces/dev_ws/install/basic_mobile_robot/share/basic_mobile_robot/rviz/nav2_config.rviz
[0.443s] -- Up-to-date: /home/katharine/Workspaces/dev_ws/install/basic_mobile_robot/share/basic_mobile_robot/src
[0.443s] -- Up-to-date: /home/katharine/Workspaces/dev_ws/install/basic_mobile_robot/share/basic_mobile_robot/worlds
[0.444s] -- Up-to-date: /home/katharine/Workspaces/dev_ws/install/basic_mobile_robot/share/basic_mobile_robot/worlds/basic_mobile_bot_world
[0.445s] -- Up-to-date: /home/katharine/Workspaces/dev_ws/install/basic_mobile_robot/share/basic_mobile_robot/worlds/basic_mobile_bot_world/smalltown.world
[0.445s] -- Up-to-date: /home/katharine/Workspaces/dev_ws/install/basic_mobile_robot/share/ament_index/resource_index/package_run_dependencies/basic_mobile_robot
[0.446s] -- Up-to-date: /home/katharine/Workspaces/dev_ws/install/basic_mobile_robot/share/ament_index/resource_index/parent_prefix_path/basic_mobile_robot
[0.447s] -- Up-to-date: /home/katharine/Workspaces/dev_ws/install/basic_mobile_robot/share/basic_mobile_robot/environment/ament_prefix_path.sh
[0.447s] -- Up-to-date: /home/katharine/Workspaces/dev_ws/install/basic_mobile_robot/share/basic_mobile_robot/environment/ament_prefix_path.dsv
[0.448s] -- Up-to-date: /home/katharine/Workspaces/dev_ws/install/basic_mobile_robot/share/basic_mobile_robot/environment/path.sh
[0.448s] -- Up-to-date: /home/katharine/Workspaces/dev_ws/install/basic_mobile_robot/share/basic_mobile_robot/environment/path.dsv
[0.448s] -- Up-to-date: /home/katharine/Workspaces/dev_ws/install/basic_mobile_robot/share/basic_mobile_robot/local_setup.bash
[0.449s] -- Up-to-date: /home/katharine/Workspaces/dev_ws/install/basic_mobile_robot/share/basic_mobile_robot/local_setup.sh
[0.449s] -- Up-to-date: /home/katharine/Workspaces/dev_ws/install/basic_mobile_robot/share/basic_mobile_robot/local_setup.zsh
[0.450s] -- Up-to-date: /home/katharine/Workspaces/dev_ws/install/basic_mobile_robot/share/basic_mobile_robot/local_setup.dsv
[0.450s] -- Installing: /home/katharine/Workspaces/dev_ws/install/basic_mobile_robot/share/basic_mobile_robot/package.dsv
[0.451s] -- Up-to-date: /home/katharine/Workspaces/dev_ws/install/basic_mobile_robot/share/ament_index/resource_index/packages/basic_mobile_robot
[0.451s] -- Up-to-date: /home/katharine/Workspaces/dev_ws/install/basic_mobile_robot/share/basic_mobile_robot/cmake/basic_mobile_robotConfig.cmake
[0.452s] -- Up-to-date: /home/katharine/Workspaces/dev_ws/install/basic_mobile_robot/share/basic_mobile_robot/cmake/basic_mobile_robotConfig-version.cmake
[0.452s] -- Up-to-date: /home/katharine/Workspaces/dev_ws/install/basic_mobile_robot/share/basic_mobile_robot/package.xml
[0.460s] Invoked command in '/home/katharine/Workspaces/dev_ws/build/basic_mobile_robot' returned '0': CMAKE_PREFIX_PATH=${CMAKE_PREFIX_PATH}:/home/katharine/nav2_ws/install/nav2_gazebo_spawner:/opt/ros/foxy /usr/bin/cmake --install /home/katharine/Workspaces/dev_ws/build/basic_mobile_robot
