[0.564s] DEBUG:colcon:Command line arguments: ['/usr/bin/colcon', 'build']
[0.564s] DEBUG:colcon:Parsed command line arguments: Namespace(allow_overriding=[], ament_cmake_args=None, base_paths=['.'], build_base='build', catkin_cmake_args=None, catkin_skip_building_tests=False, cmake_args=None, cmake_clean_cache=False, cmake_clean_first=False, cmake_force_configure=False, cmake_target=None, cmake_target_skip_unavailable=False, continue_on_error=False, event_handlers=None, executor='parallel', ignore_user_meta=False, install_base='install', log_base=None, log_level=None, main=<bound method BuildVerb.main of <colcon_core.verb.build.BuildVerb object at 0x7f6fa9923970>>, merge_install=False, metas=['./colcon.meta'], packages_above=None, packages_above_and_dependencies=None, packages_above_depth=None, packages_end=None, packages_ignore=None, packages_ignore_regex=None, packages_select=None, packages_select_build_failed=False, packages_select_by_dep=None, packages_select_regex=None, packages_select_test_failures=False, packages_skip=None, packages_skip_build_finished=False, packages_skip_by_dep=None, packages_skip_regex=None, packages_skip_test_passed=False, packages_skip_up_to=None, packages_start=None, packages_up_to=None, packages_up_to_regex=None, parallel_workers=2, paths=None, symlink_install=False, test_result_base=None, verb_extension=<colcon_core.verb.build.BuildVerb object at 0x7f6fa9923970>, verb_name='build', verb_parser=<colcon_defaults.argument_parser.defaults.DefaultArgumentsDecorator object at 0x7f6fa9923ee0>)
[0.661s] Level 1:colcon.colcon_core.package_discovery:discover_packages(colcon_meta) check parameters
[0.662s] Level 1:colcon.colcon_core.package_discovery:discover_packages(recursive) check parameters
[0.662s] Level 1:colcon.colcon_core.package_discovery:discover_packages(ignore) check parameters
[0.662s] Level 1:colcon.colcon_core.package_discovery:discover_packages(path) check parameters
[0.662s] Level 1:colcon.colcon_core.package_discovery:discover_packages(colcon_meta) discover
[0.663s] Level 1:colcon.colcon_core.package_discovery:discover_packages(recursive) discover
[0.663s] INFO:colcon.colcon_core.package_discovery:Crawling recursively for packages in '/home/katharine/Workspaces/dev_ws'
[0.663s] Level 1:colcon.colcon_core.package_identification:_identify(.) by extensions ['ignore', 'ignore_ament_install']
[0.664s] Level 1:colcon.colcon_core.package_identification:_identify(.) by extension 'ignore'
[0.664s] Level 1:colcon.colcon_core.package_identification:_identify(.) by extension 'ignore_ament_install'
[0.665s] Level 1:colcon.colcon_core.package_identification:_identify(.) by extensions ['colcon_pkg']
[0.665s] Level 1:colcon.colcon_core.package_identification:_identify(.) by extension 'colcon_pkg'
[0.665s] Level 1:colcon.colcon_core.package_identification:_identify(.) by extensions ['colcon_meta']
[0.665s] Level 1:colcon.colcon_core.package_identification:_identify(.) by extension 'colcon_meta'
[0.666s] Level 1:colcon.colcon_core.package_identification:_identify(.) by extensions ['ros']
[0.666s] Level 1:colcon.colcon_core.package_identification:_identify(.) by extension 'ros'
[0.705s] Level 1:colcon.colcon_core.package_identification:_identify(.) by extensions ['cmake', 'python']
[0.705s] Level 1:colcon.colcon_core.package_identification:_identify(.) by extension 'cmake'
[0.706s] Level 1:colcon.colcon_core.package_identification:_identify(.) by extension 'python'
[0.706s] Level 1:colcon.colcon_core.package_identification:_identify(.) by extensions ['python_setup_py']
[0.706s] Level 1:colcon.colcon_core.package_identification:_identify(.) by extension 'python_setup_py'
[0.706s] Level 1:colcon.colcon_core.package_identification:_identify(build) by extensions ['ignore', 'ignore_ament_install']
[0.707s] Level 1:colcon.colcon_core.package_identification:_identify(build) by extension 'ignore'
[0.707s] Level 1:colcon.colcon_core.package_identification:_identify(build) ignored
[0.707s] Level 1:colcon.colcon_core.package_identification:_identify(install) by extensions ['ignore', 'ignore_ament_install']
[0.708s] Level 1:colcon.colcon_core.package_identification:_identify(install) by extension 'ignore'
[0.708s] Level 1:colcon.colcon_core.package_identification:_identify(install) ignored
[0.709s] Level 1:colcon.colcon_core.package_identification:_identify(log) by extensions ['ignore', 'ignore_ament_install']
[0.709s] Level 1:colcon.colcon_core.package_identification:_identify(log) by extension 'ignore'
[0.709s] Level 1:colcon.colcon_core.package_identification:_identify(log) ignored
[0.710s] Level 1:colcon.colcon_core.package_identification:_identify(src) by extensions ['ignore', 'ignore_ament_install']
[0.710s] Level 1:colcon.colcon_core.package_identification:_identify(src) by extension 'ignore'
[0.710s] Level 1:colcon.colcon_core.package_identification:_identify(src) by extension 'ignore_ament_install'
[0.711s] Level 1:colcon.colcon_core.package_identification:_identify(src) by extensions ['colcon_pkg']
[0.711s] Level 1:colcon.colcon_core.package_identification:_identify(src) by extension 'colcon_pkg'
[0.711s] Level 1:colcon.colcon_core.package_identification:_identify(src) by extensions ['colcon_meta']
[0.711s] Level 1:colcon.colcon_core.package_identification:_identify(src) by extension 'colcon_meta'
[0.712s] Level 1:colcon.colcon_core.package_identification:_identify(src) by extensions ['ros']
[0.712s] Level 1:colcon.colcon_core.package_identification:_identify(src) by extension 'ros'
[0.712s] Level 1:colcon.colcon_core.package_identification:_identify(src) by extensions ['cmake', 'python']
[0.712s] Level 1:colcon.colcon_core.package_identification:_identify(src) by extension 'cmake'
[0.713s] Level 1:colcon.colcon_core.package_identification:_identify(src) by extension 'python'
[0.713s] Level 1:colcon.colcon_core.package_identification:_identify(src) by extensions ['python_setup_py']
[0.713s] Level 1:colcon.colcon_core.package_identification:_identify(src) by extension 'python_setup_py'
[0.714s] Level 1:colcon.colcon_core.package_identification:_identify(src/basic_mobile_robot) by extensions ['ignore', 'ignore_ament_install']
[0.714s] Level 1:colcon.colcon_core.package_identification:_identify(src/basic_mobile_robot) by extension 'ignore'
[0.714s] Level 1:colcon.colcon_core.package_identification:_identify(src/basic_mobile_robot) by extension 'ignore_ament_install'
[0.714s] Level 1:colcon.colcon_core.package_identification:_identify(src/basic_mobile_robot) by extensions ['colcon_pkg']
[0.715s] Level 1:colcon.colcon_core.package_identification:_identify(src/basic_mobile_robot) by extension 'colcon_pkg'
[0.715s] Level 1:colcon.colcon_core.package_identification:_identify(src/basic_mobile_robot) by extensions ['colcon_meta']
[0.715s] Level 1:colcon.colcon_core.package_identification:_identify(src/basic_mobile_robot) by extension 'colcon_meta'
[0.716s] Level 1:colcon.colcon_core.package_identification:_identify(src/basic_mobile_robot) by extensions ['ros']
[0.716s] Level 1:colcon.colcon_core.package_identification:_identify(src/basic_mobile_robot) by extension 'ros'
[0.724s] DEBUG:colcon.colcon_core.package_identification:Package 'src/basic_mobile_robot' with type 'ros.ament_cmake' and name 'basic_mobile_robot'
[0.724s] Level 1:colcon.colcon_core.package_identification:_identify(src/build) by extensions ['ignore', 'ignore_ament_install']
[0.725s] Level 1:colcon.colcon_core.package_identification:_identify(src/build) by extension 'ignore'
[0.725s] Level 1:colcon.colcon_core.package_identification:_identify(src/build) ignored
[0.726s] Level 1:colcon.colcon_core.package_identification:_identify(src/install) by extensions ['ignore', 'ignore_ament_install']
[0.726s] Level 1:colcon.colcon_core.package_identification:_identify(src/install) by extension 'ignore'
[0.726s] Level 1:colcon.colcon_core.package_identification:_identify(src/install) ignored
[0.727s] Level 1:colcon.colcon_core.package_identification:_identify(src/log) by extensions ['ignore', 'ignore_ament_install']
[0.727s] Level 1:colcon.colcon_core.package_identification:_identify(src/log) by extension 'ignore'
[0.727s] Level 1:colcon.colcon_core.package_identification:_identify(src/log) ignored
[0.728s] Level 1:colcon.colcon_core.package_identification:_identify(src/rover_location_optitrack_pkg) by extensions ['ignore', 'ignore_ament_install']
[0.728s] Level 1:colcon.colcon_core.package_identification:_identify(src/rover_location_optitrack_pkg) by extension 'ignore'
[0.729s] Level 1:colcon.colcon_core.package_identification:_identify(src/rover_location_optitrack_pkg) by extension 'ignore_ament_install'
[0.729s] Level 1:colcon.colcon_core.package_identification:_identify(src/rover_location_optitrack_pkg) by extensions ['colcon_pkg']
[0.729s] Level 1:colcon.colcon_core.package_identification:_identify(src/rover_location_optitrack_pkg) by extension 'colcon_pkg'
[0.729s] Level 1:colcon.colcon_core.package_identification:_identify(src/rover_location_optitrack_pkg) by extensions ['colcon_meta']
[0.729s] Level 1:colcon.colcon_core.package_identification:_identify(src/rover_location_optitrack_pkg) by extension 'colcon_meta'
[0.730s] Level 1:colcon.colcon_core.package_identification:_identify(src/rover_location_optitrack_pkg) by extensions ['ros']
[0.730s] Level 1:colcon.colcon_core.package_identification:_identify(src/rover_location_optitrack_pkg) by extension 'ros'
[0.735s] DEBUG:colcon.colcon_core.package_identification:Package 'src/rover_location_optitrack_pkg' with type 'ros.ament_python' and name 'rover_location_optitrack_pkg'
[0.736s] Level 1:colcon.colcon_core.package_discovery:discover_packages(recursive) using defaults
[0.736s] Level 1:colcon.colcon_core.package_discovery:discover_packages(ignore) discover
[0.736s] Level 1:colcon.colcon_core.package_discovery:discover_packages(ignore) using defaults
[0.736s] Level 1:colcon.colcon_core.package_discovery:discover_packages(path) discover
[0.736s] Level 1:colcon.colcon_core.package_discovery:discover_packages(path) using defaults
[0.833s] Level 1:colcon.colcon_core.package_discovery:discover_packages(prefix_path) check parameters
[0.834s] Level 1:colcon.colcon_core.package_discovery:discover_packages(prefix_path) discover
[0.845s] DEBUG:colcon.colcon_installed_package_information.package_discovery:Found 2 installed packages in /home/katharine/Workspaces/dev_ws/install
[0.851s] DEBUG:colcon.colcon_installed_package_information.package_discovery:Found 31 installed packages in /home/katharine/nav2_ws/install
[0.857s] DEBUG:colcon.colcon_installed_package_information.package_discovery:Found 329 installed packages in /opt/ros/foxy
[0.867s] Level 1:colcon.colcon_core.package_discovery:discover_packages(prefix_path) using defaults
[1.179s] Level 5:colcon.colcon_core.verb:set package 'basic_mobile_robot' build argument 'cmake_args' from command line to 'None'
[1.179s] Level 5:colcon.colcon_core.verb:set package 'basic_mobile_robot' build argument 'cmake_target' from command line to 'None'
[1.179s] Level 5:colcon.colcon_core.verb:set package 'basic_mobile_robot' build argument 'cmake_target_skip_unavailable' from command line to 'False'
[1.179s] Level 5:colcon.colcon_core.verb:set package 'basic_mobile_robot' build argument 'cmake_clean_cache' from command line to 'False'
[1.179s] Level 5:colcon.colcon_core.verb:set package 'basic_mobile_robot' build argument 'cmake_clean_first' from command line to 'False'
[1.179s] Level 5:colcon.colcon_core.verb:set package 'basic_mobile_robot' build argument 'cmake_force_configure' from command line to 'False'
[1.179s] Level 5:colcon.colcon_core.verb:set package 'basic_mobile_robot' build argument 'ament_cmake_args' from command line to 'None'
[1.180s] Level 5:colcon.colcon_core.verb:set package 'basic_mobile_robot' build argument 'catkin_cmake_args' from command line to 'None'
[1.180s] Level 5:colcon.colcon_core.verb:set package 'basic_mobile_robot' build argument 'catkin_skip_building_tests' from command line to 'False'
[1.180s] DEBUG:colcon.colcon_core.verb:Building package 'basic_mobile_robot' with the following arguments: {'ament_cmake_args': None, 'build_base': '/home/katharine/Workspaces/dev_ws/build/basic_mobile_robot', 'catkin_cmake_args': None, 'catkin_skip_building_tests': False, 'cmake_args': None, 'cmake_clean_cache': False, 'cmake_clean_first': False, 'cmake_force_configure': False, 'cmake_target': None, 'cmake_target_skip_unavailable': False, 'install_base': '/home/katharine/Workspaces/dev_ws/install/basic_mobile_robot', 'merge_install': False, 'path': '/home/katharine/Workspaces/dev_ws/src/basic_mobile_robot', 'symlink_install': False, 'test_result_base': None}
[1.183s] Level 5:colcon.colcon_core.verb:set package 'rover_location_optitrack_pkg' build argument 'cmake_args' from command line to 'None'
[1.183s] Level 5:colcon.colcon_core.verb:set package 'rover_location_optitrack_pkg' build argument 'cmake_target' from command line to 'None'
[1.183s] Level 5:colcon.colcon_core.verb:set package 'rover_location_optitrack_pkg' build argument 'cmake_target_skip_unavailable' from command line to 'False'
[1.183s] Level 5:colcon.colcon_core.verb:set package 'rover_location_optitrack_pkg' build argument 'cmake_clean_cache' from command line to 'False'
[1.183s] Level 5:colcon.colcon_core.verb:set package 'rover_location_optitrack_pkg' build argument 'cmake_clean_first' from command line to 'False'
[1.183s] Level 5:colcon.colcon_core.verb:set package 'rover_location_optitrack_pkg' build argument 'cmake_force_configure' from command line to 'False'
[1.183s] Level 5:colcon.colcon_core.verb:set package 'rover_location_optitrack_pkg' build argument 'ament_cmake_args' from command line to 'None'
[1.184s] Level 5:colcon.colcon_core.verb:set package 'rover_location_optitrack_pkg' build argument 'catkin_cmake_args' from command line to 'None'
[1.184s] Level 5:colcon.colcon_core.verb:set package 'rover_location_optitrack_pkg' build argument 'catkin_skip_building_tests' from command line to 'False'
[1.184s] DEBUG:colcon.colcon_core.verb:Building package 'rover_location_optitrack_pkg' with the following arguments: {'ament_cmake_args': None, 'build_base': '/home/katharine/Workspaces/dev_ws/build/rover_location_optitrack_pkg', 'catkin_cmake_args': None, 'catkin_skip_building_tests': False, 'cmake_args': None, 'cmake_clean_cache': False, 'cmake_clean_first': False, 'cmake_force_configure': False, 'cmake_target': None, 'cmake_target_skip_unavailable': False, 'install_base': '/home/katharine/Workspaces/dev_ws/install/rover_location_optitrack_pkg', 'merge_install': False, 'path': '/home/katharine/Workspaces/dev_ws/src/rover_location_optitrack_pkg', 'symlink_install': False, 'test_result_base': None}
[1.186s] INFO:colcon.colcon_core.executor:Executing jobs using 'parallel' executor
[1.200s] DEBUG:colcon.colcon_parallel_executor.executor.parallel:run_until_complete
[1.201s] INFO:colcon.colcon_ros.task.ament_cmake.build:Building ROS package in '/home/katharine/Workspaces/dev_ws/src/basic_mobile_robot' with build type 'ament_cmake'
[1.201s] INFO:colcon.colcon_cmake.task.cmake.build:Building CMake package in '/home/katharine/Workspaces/dev_ws/src/basic_mobile_robot'
[1.222s] INFO:colcon.colcon_core.plugin_system:Skipping extension 'colcon_core.shell.bat': Not used on non-Windows systems
[1.223s] INFO:colcon.colcon_core.shell:Skip shell extension 'powershell' for command environment: Not usable outside of PowerShell
[1.223s] DEBUG:colcon.colcon_core.shell:Skip shell extension 'dsv' for command environment
[1.270s] INFO:colcon.colcon_ros.task.ament_python.build:Building ROS package in '/home/katharine/Workspaces/dev_ws/src/rover_location_optitrack_pkg' with build type 'ament_python'
[1.272s] Level 1:colcon.colcon_core.shell:create_environment_hook('rover_location_optitrack_pkg', 'ament_prefix_path')
[1.281s] INFO:colcon.colcon_core.shell:Creating environment hook '/home/katharine/Workspaces/dev_ws/install/rover_location_optitrack_pkg/share/rover_location_optitrack_pkg/hook/ament_prefix_path.ps1'
[1.286s] INFO:colcon.colcon_core.shell:Creating environment descriptor '/home/katharine/Workspaces/dev_ws/install/rover_location_optitrack_pkg/share/rover_location_optitrack_pkg/hook/ament_prefix_path.dsv'
[1.288s] INFO:colcon.colcon_core.shell:Creating environment hook '/home/katharine/Workspaces/dev_ws/install/rover_location_optitrack_pkg/share/rover_location_optitrack_pkg/hook/ament_prefix_path.sh'
[1.306s] INFO:colcon.colcon_core.shell:Skip shell extension 'powershell' for command environment: Not usable outside of PowerShell
[1.307s] DEBUG:colcon.colcon_core.shell:Skip shell extension 'dsv' for command environment
[1.406s] DEBUG:colcon.colcon_core.event_handler.log_command:Invoking command in '/home/katharine/Workspaces/dev_ws/build/basic_mobile_robot': CMAKE_PREFIX_PATH=${CMAKE_PREFIX_PATH}:/home/katharine/Workspaces/dev_ws/install/rover_location_optitrack_pkg:/home/katharine/nav2_ws/install/nav2_gazebo_spawner:/opt/ros/foxy /usr/bin/cmake --build /home/katharine/Workspaces/dev_ws/build/basic_mobile_robot -- -j2 -l2
[2.316s] INFO:colcon.colcon_core.task.python.build:Building Python package in '/home/katharine/Workspaces/dev_ws/src/rover_location_optitrack_pkg'
[2.321s] INFO:colcon.colcon_core.shell:Skip shell extension 'powershell' for command environment: Not usable outside of PowerShell
[2.321s] DEBUG:colcon.colcon_core.shell:Skip shell extension 'dsv' for command environment
[2.357s] DEBUG:colcon.colcon_core.event_handler.log_command:Invoked command in '/home/katharine/Workspaces/dev_ws/build/basic_mobile_robot' returned '0': CMAKE_PREFIX_PATH=${CMAKE_PREFIX_PATH}:/home/katharine/Workspaces/dev_ws/install/rover_location_optitrack_pkg:/home/katharine/nav2_ws/install/nav2_gazebo_spawner:/opt/ros/foxy /usr/bin/cmake --build /home/katharine/Workspaces/dev_ws/build/basic_mobile_robot -- -j2 -l2
[2.554s] DEBUG:colcon.colcon_core.event_handler.log_command:Invoking command in '/home/katharine/Workspaces/dev_ws/build/basic_mobile_robot': CMAKE_PREFIX_PATH=${CMAKE_PREFIX_PATH}:/home/katharine/Workspaces/dev_ws/install/rover_location_optitrack_pkg:/home/katharine/nav2_ws/install/nav2_gazebo_spawner:/opt/ros/foxy /usr/bin/cmake --install /home/katharine/Workspaces/dev_ws/build/basic_mobile_robot
[2.668s] Level 1:colcon.colcon_core.environment:create_environment_scripts_only(basic_mobile_robot)
[2.683s] DEBUG:colcon.colcon_core.event_handler.log_command:Invoked command in '/home/katharine/Workspaces/dev_ws/build/basic_mobile_robot' returned '0': CMAKE_PREFIX_PATH=${CMAKE_PREFIX_PATH}:/home/katharine/Workspaces/dev_ws/install/rover_location_optitrack_pkg:/home/katharine/nav2_ws/install/nav2_gazebo_spawner:/opt/ros/foxy /usr/bin/cmake --install /home/katharine/Workspaces/dev_ws/build/basic_mobile_robot
[2.704s] Level 1:colcon.colcon_core.environment:checking '/home/katharine/Workspaces/dev_ws/install/basic_mobile_robot' for CMake module files
[2.706s] Level 1:colcon.colcon_core.environment:checking '/home/katharine/Workspaces/dev_ws/install/basic_mobile_robot' for CMake config files
[2.709s] Level 1:colcon.colcon_core.shell:create_environment_hook('basic_mobile_robot', 'cmake_prefix_path')
[2.717s] INFO:colcon.colcon_core.shell:Creating environment hook '/home/katharine/Workspaces/dev_ws/install/basic_mobile_robot/share/basic_mobile_robot/hook/cmake_prefix_path.ps1'
[2.719s] INFO:colcon.colcon_core.shell:Creating environment descriptor '/home/katharine/Workspaces/dev_ws/install/basic_mobile_robot/share/basic_mobile_robot/hook/cmake_prefix_path.dsv'
[2.721s] INFO:colcon.colcon_core.shell:Creating environment hook '/home/katharine/Workspaces/dev_ws/install/basic_mobile_robot/share/basic_mobile_robot/hook/cmake_prefix_path.sh'
[2.725s] Level 1:colcon.colcon_core.environment:checking '/home/katharine/Workspaces/dev_ws/install/basic_mobile_robot/bin'
[2.725s] Level 1:colcon.colcon_core.environment:checking '/home/katharine/Workspaces/dev_ws/install/basic_mobile_robot/lib/pkgconfig/basic_mobile_robot.pc'
[2.727s] Level 1:colcon.colcon_core.environment:checking '/home/katharine/Workspaces/dev_ws/install/basic_mobile_robot/lib/python3.8/site-packages'
[2.728s] Level 1:colcon.colcon_core.environment:checking '/home/katharine/Workspaces/dev_ws/install/basic_mobile_robot/bin'
[2.736s] INFO:colcon.colcon_core.shell:Creating package script '/home/katharine/Workspaces/dev_ws/install/basic_mobile_robot/share/basic_mobile_robot/package.ps1'
[2.741s] INFO:colcon.colcon_core.shell:Creating package descriptor '/home/katharine/Workspaces/dev_ws/install/basic_mobile_robot/share/basic_mobile_robot/package.dsv'
[2.743s] INFO:colcon.colcon_core.shell:Creating package script '/home/katharine/Workspaces/dev_ws/install/basic_mobile_robot/share/basic_mobile_robot/package.sh'
[2.745s] INFO:colcon.colcon_core.shell:Creating package script '/home/katharine/Workspaces/dev_ws/install/basic_mobile_robot/share/basic_mobile_robot/package.bash'
[2.748s] INFO:colcon.colcon_core.shell:Creating package script '/home/katharine/Workspaces/dev_ws/install/basic_mobile_robot/share/basic_mobile_robot/package.zsh'
[2.750s] Level 1:colcon.colcon_core.environment:create_file_with_runtime_dependencies(/home/katharine/Workspaces/dev_ws/install/basic_mobile_robot/share/colcon-core/packages/basic_mobile_robot)
[2.920s] Level 1:colcon.colcon_core.environment:create_environment_scripts_only(basic_mobile_robot)
[2.933s] Level 1:colcon.colcon_core.environment:checking '/home/katharine/Workspaces/dev_ws/install/basic_mobile_robot' for CMake module files
[2.937s] Level 1:colcon.colcon_core.environment:checking '/home/katharine/Workspaces/dev_ws/install/basic_mobile_robot' for CMake config files
[2.939s] Level 1:colcon.colcon_core.shell:create_environment_hook('basic_mobile_robot', 'cmake_prefix_path')
[2.947s] INFO:colcon.colcon_core.shell:Creating environment hook '/home/katharine/Workspaces/dev_ws/install/basic_mobile_robot/share/basic_mobile_robot/hook/cmake_prefix_path.ps1'
[2.950s] INFO:colcon.colcon_core.shell:Creating environment descriptor '/home/katharine/Workspaces/dev_ws/install/basic_mobile_robot/share/basic_mobile_robot/hook/cmake_prefix_path.dsv'
[2.952s] INFO:colcon.colcon_core.shell:Creating environment hook '/home/katharine/Workspaces/dev_ws/install/basic_mobile_robot/share/basic_mobile_robot/hook/cmake_prefix_path.sh'
[2.955s] Level 1:colcon.colcon_core.environment:checking '/home/katharine/Workspaces/dev_ws/install/basic_mobile_robot/bin'
[2.955s] Level 1:colcon.colcon_core.environment:checking '/home/katharine/Workspaces/dev_ws/install/basic_mobile_robot/lib/pkgconfig/basic_mobile_robot.pc'
[2.956s] Level 1:colcon.colcon_core.environment:checking '/home/katharine/Workspaces/dev_ws/install/basic_mobile_robot/lib/python3.8/site-packages'
[2.957s] Level 1:colcon.colcon_core.environment:checking '/home/katharine/Workspaces/dev_ws/install/basic_mobile_robot/bin'
[2.965s] INFO:colcon.colcon_core.shell:Creating package script '/home/katharine/Workspaces/dev_ws/install/basic_mobile_robot/share/basic_mobile_robot/package.ps1'
[2.970s] INFO:colcon.colcon_core.shell:Creating package descriptor '/home/katharine/Workspaces/dev_ws/install/basic_mobile_robot/share/basic_mobile_robot/package.dsv'
[2.973s] INFO:colcon.colcon_core.shell:Creating package script '/home/katharine/Workspaces/dev_ws/install/basic_mobile_robot/share/basic_mobile_robot/package.sh'
[2.976s] INFO:colcon.colcon_core.shell:Creating package script '/home/katharine/Workspaces/dev_ws/install/basic_mobile_robot/share/basic_mobile_robot/package.bash'
[2.978s] INFO:colcon.colcon_core.shell:Creating package script '/home/katharine/Workspaces/dev_ws/install/basic_mobile_robot/share/basic_mobile_robot/package.zsh'
[2.980s] Level 1:colcon.colcon_core.environment:create_file_with_runtime_dependencies(/home/katharine/Workspaces/dev_ws/install/basic_mobile_robot/share/colcon-core/packages/basic_mobile_robot)
[4.068s] DEBUG:colcon.colcon_core.event_handler.log_command:Invoking command in '/home/katharine/Workspaces/dev_ws/src/rover_location_optitrack_pkg': PYTHONPATH=/home/katharine/Workspaces/dev_ws/install/rover_location_optitrack_pkg/lib/python3.8/site-packages:${PYTHONPATH} /usr/bin/python3 setup.py egg_info --egg-base ../../build/rover_location_optitrack_pkg build --build-base /home/katharine/Workspaces/dev_ws/build/rover_location_optitrack_pkg/build install --prefix /home/katharine/Workspaces/dev_ws/install/rover_location_optitrack_pkg --record /home/katharine/Workspaces/dev_ws/build/rover_location_optitrack_pkg/install.log --single-version-externally-managed
[5.206s] DEBUG:colcon.colcon_core.event_handler.log_command:Invoked command in '/home/katharine/Workspaces/dev_ws/src/rover_location_optitrack_pkg' returned '0': PYTHONPATH=/home/katharine/Workspaces/dev_ws/install/rover_location_optitrack_pkg/lib/python3.8/site-packages:${PYTHONPATH} /usr/bin/python3 setup.py egg_info --egg-base ../../build/rover_location_optitrack_pkg build --build-base /home/katharine/Workspaces/dev_ws/build/rover_location_optitrack_pkg/build install --prefix /home/katharine/Workspaces/dev_ws/install/rover_location_optitrack_pkg --record /home/katharine/Workspaces/dev_ws/build/rover_location_optitrack_pkg/install.log --single-version-externally-managed
[5.208s] Level 1:colcon.colcon_core.environment:checking '/home/katharine/Workspaces/dev_ws/install/rover_location_optitrack_pkg' for CMake module files
[5.210s] Level 1:colcon.colcon_core.environment:checking '/home/katharine/Workspaces/dev_ws/install/rover_location_optitrack_pkg' for CMake config files
[5.211s] Level 1:colcon.colcon_core.environment:checking '/home/katharine/Workspaces/dev_ws/install/rover_location_optitrack_pkg/lib'
[5.212s] Level 1:colcon.colcon_core.environment:checking '/home/katharine/Workspaces/dev_ws/install/rover_location_optitrack_pkg/bin'
[5.213s] Level 1:colcon.colcon_core.environment:checking '/home/katharine/Workspaces/dev_ws/install/rover_location_optitrack_pkg/lib/pkgconfig/rover_location_optitrack_pkg.pc'
[5.213s] Level 1:colcon.colcon_core.environment:checking '/home/katharine/Workspaces/dev_ws/install/rover_location_optitrack_pkg/lib/python3.8/site-packages'
[5.214s] Level 1:colcon.colcon_core.shell:create_environment_hook('rover_location_optitrack_pkg', 'pythonpath')
[5.218s] INFO:colcon.colcon_core.shell:Creating environment hook '/home/katharine/Workspaces/dev_ws/install/rover_location_optitrack_pkg/share/rover_location_optitrack_pkg/hook/pythonpath.ps1'
[5.222s] INFO:colcon.colcon_core.shell:Creating environment descriptor '/home/katharine/Workspaces/dev_ws/install/rover_location_optitrack_pkg/share/rover_location_optitrack_pkg/hook/pythonpath.dsv'
[5.224s] INFO:colcon.colcon_core.shell:Creating environment hook '/home/katharine/Workspaces/dev_ws/install/rover_location_optitrack_pkg/share/rover_location_optitrack_pkg/hook/pythonpath.sh'
[5.228s] Level 1:colcon.colcon_core.environment:checking '/home/katharine/Workspaces/dev_ws/install/rover_location_optitrack_pkg/bin'
[5.229s] Level 1:colcon.colcon_core.environment:create_environment_scripts_only(rover_location_optitrack_pkg)
[5.233s] INFO:colcon.colcon_core.shell:Creating package script '/home/katharine/Workspaces/dev_ws/install/rover_location_optitrack_pkg/share/rover_location_optitrack_pkg/package.ps1'
[5.236s] INFO:colcon.colcon_core.shell:Creating package descriptor '/home/katharine/Workspaces/dev_ws/install/rover_location_optitrack_pkg/share/rover_location_optitrack_pkg/package.dsv'
[5.237s] INFO:colcon.colcon_core.shell:Creating package script '/home/katharine/Workspaces/dev_ws/install/rover_location_optitrack_pkg/share/rover_location_optitrack_pkg/package.sh'
[5.239s] INFO:colcon.colcon_core.shell:Creating package script '/home/katharine/Workspaces/dev_ws/install/rover_location_optitrack_pkg/share/rover_location_optitrack_pkg/package.bash'
[5.241s] INFO:colcon.colcon_core.shell:Creating package script '/home/katharine/Workspaces/dev_ws/install/rover_location_optitrack_pkg/share/rover_location_optitrack_pkg/package.zsh'
[5.243s] Level 1:colcon.colcon_core.environment:create_file_with_runtime_dependencies(/home/katharine/Workspaces/dev_ws/install/rover_location_optitrack_pkg/share/colcon-core/packages/rover_location_optitrack_pkg)
[5.244s] DEBUG:colcon.colcon_parallel_executor.executor.parallel:closing loop
[5.247s] DEBUG:colcon.colcon_parallel_executor.executor.parallel:loop closed
[5.247s] DEBUG:colcon.colcon_parallel_executor.executor.parallel:run_until_complete finished with '0'
[5.247s] DEBUG:colcon.colcon_core.event_reactor:joining thread
[5.277s] INFO:colcon.colcon_core.plugin_system:Skipping extension 'colcon_notification.desktop_notification.terminal_notifier': Not used on non-Darwin systems
[5.278s] INFO:colcon.colcon_core.plugin_system:Skipping extension 'colcon_notification.desktop_notification.win32': Not used on non-Windows systems
[5.278s] INFO:colcon.colcon_notification.desktop_notification:Sending desktop notification using 'notify2'
[5.349s] DEBUG:colcon.colcon_core.event_reactor:joined thread
[5.359s] INFO:colcon.colcon_core.shell:Creating prefix script '/home/katharine/Workspaces/dev_ws/install/local_setup.ps1'
[5.365s] INFO:colcon.colcon_core.shell:Creating prefix util module '/home/katharine/Workspaces/dev_ws/install/_local_setup_util_ps1.py'
[5.373s] INFO:colcon.colcon_core.shell:Creating prefix chain script '/home/katharine/Workspaces/dev_ws/install/setup.ps1'
[5.388s] INFO:colcon.colcon_core.shell:Creating prefix script '/home/katharine/Workspaces/dev_ws/install/local_setup.sh'
[5.394s] INFO:colcon.colcon_core.shell:Creating prefix util module '/home/katharine/Workspaces/dev_ws/install/_local_setup_util_sh.py'
[5.398s] INFO:colcon.colcon_core.shell:Creating prefix chain script '/home/katharine/Workspaces/dev_ws/install/setup.sh'
[5.410s] INFO:colcon.colcon_core.shell:Creating prefix script '/home/katharine/Workspaces/dev_ws/install/local_setup.bash'
[5.412s] INFO:colcon.colcon_core.shell:Creating prefix chain script '/home/katharine/Workspaces/dev_ws/install/setup.bash'
[5.429s] INFO:colcon.colcon_core.shell:Creating prefix script '/home/katharine/Workspaces/dev_ws/install/local_setup.zsh'
[5.435s] INFO:colcon.colcon_core.shell:Creating prefix chain script '/home/katharine/Workspaces/dev_ws/install/setup.zsh'
