running egg_info
creating ../../build/rover_location_optitrack_pkg/rover_location_optitrack_pkg.egg-info
writing ../../build/rover_location_optitrack_pkg/rover_location_optitrack_pkg.egg-info/PKG-INFO
writing dependency_links to ../../build/rover_location_optitrack_pkg/rover_location_optitrack_pkg.egg-info/dependency_links.txt
writing entry points to ../../build/rover_location_optitrack_pkg/rover_location_optitrack_pkg.egg-info/entry_points.txt
writing requirements to ../../build/rover_location_optitrack_pkg/rover_location_optitrack_pkg.egg-info/requires.txt
writing top-level names to ../../build/rover_location_optitrack_pkg/rover_location_optitrack_pkg.egg-info/top_level.txt
writing manifest file '../../build/rover_location_optitrack_pkg/rover_location_optitrack_pkg.egg-info/SOURCES.txt'
reading manifest file '../../build/rover_location_optitrack_pkg/rover_location_optitrack_pkg.egg-info/SOURCES.txt'
writing manifest file '../../build/rover_location_optitrack_pkg/rover_location_optitrack_pkg.egg-info/SOURCES.txt'
running build
running build_py
creating /home/katharine/Workspaces/dev_ws/build/rover_location_optitrack_pkg/build
creating /home/katharine/Workspaces/dev_ws/build/rover_location_optitrack_pkg/build/lib
creating /home/katharine/Workspaces/dev_ws/build/rover_location_optitrack_pkg/build/lib/rover_location_optitrack_pkg
copying rover_location_optitrack_pkg/__init__.py -> /home/katharine/Workspaces/dev_ws/build/rover_location_optitrack_pkg/build/lib/rover_location_optitrack_pkg
copying rover_location_optitrack_pkg/optitrack_client.py -> /home/katharine/Workspaces/dev_ws/build/rover_location_optitrack_pkg/build/lib/rover_location_optitrack_pkg
running install
running install_lib
creating /home/katharine/Workspaces/dev_ws/install/rover_location_optitrack_pkg/lib/python3.8/site-packages/rover_location_optitrack_pkg
copying /home/katharine/Workspaces/dev_ws/build/rover_location_optitrack_pkg/build/lib/rover_location_optitrack_pkg/__init__.py -> /home/katharine/Workspaces/dev_ws/install/rover_location_optitrack_pkg/lib/python3.8/site-packages/rover_location_optitrack_pkg
copying /home/katharine/Workspaces/dev_ws/build/rover_location_optitrack_pkg/build/lib/rover_location_optitrack_pkg/optitrack_client.py -> /home/katharine/Workspaces/dev_ws/install/rover_location_optitrack_pkg/lib/python3.8/site-packages/rover_location_optitrack_pkg
byte-compiling /home/katharine/Workspaces/dev_ws/install/rover_location_optitrack_pkg/lib/python3.8/site-packages/rover_location_optitrack_pkg/__init__.py to __init__.cpython-38.pyc
byte-compiling /home/katharine/Workspaces/dev_ws/install/rover_location_optitrack_pkg/lib/python3.8/site-packages/rover_location_optitrack_pkg/optitrack_client.py to optitrack_client.cpython-38.pyc
running install_data
creating /home/katharine/Workspaces/dev_ws/install/rover_location_optitrack_pkg/share/ament_index
creating /home/katharine/Workspaces/dev_ws/install/rover_location_optitrack_pkg/share/ament_index/resource_index
creating /home/katharine/Workspaces/dev_ws/install/rover_location_optitrack_pkg/share/ament_index/resource_index/packages
copying resource/rover_location_optitrack_pkg -> /home/katharine/Workspaces/dev_ws/install/rover_location_optitrack_pkg/share/ament_index/resource_index/packages
copying package.xml -> /home/katharine/Workspaces/dev_ws/install/rover_location_optitrack_pkg/share/rover_location_optitrack_pkg
running install_egg_info
Copying ../../build/rover_location_optitrack_pkg/rover_location_optitrack_pkg.egg-info to /home/katharine/Workspaces/dev_ws/install/rover_location_optitrack_pkg/lib/python3.8/site-packages/rover_location_optitrack_pkg-0.0.0-py3.8.egg-info
running install_scripts
Installing optitrack_client script to /home/katharine/Workspaces/dev_ws/install/rover_location_optitrack_pkg/lib/rover_location_optitrack_pkg
writing list of installed files to '/home/katharine/Workspaces/dev_ws/build/rover_location_optitrack_pkg/install.log'
