[0.038s] Invoking command in '/home/katharine/Workspaces/dev_ws/build/basic_mobile_robot': CMAKE_PREFIX_PATH=${CMAKE_PREFIX_PATH}:/home/katharine/nav2_ws/install/nav2_gazebo_spawner:/opt/ros/foxy /usr/bin/cmake --build /home/katharine/Workspaces/dev_ws/build/basic_mobile_robot -- -j2 -l2
[0.158s] Invoked command in '/home/katharine/Workspaces/dev_ws/build/basic_mobile_robot' returned '0': CMAKE_PREFIX_PATH=${CMAKE_PREFIX_PATH}:/home/katharine/nav2_ws/install/nav2_gazebo_spawner:/opt/ros/foxy /usr/bin/cmake --build /home/katharine/Workspaces/dev_ws/build/basic_mobile_robot -- -j2 -l2
[0.289s] Invoking command in '/home/katharine/Workspaces/dev_ws/build/basic_mobile_robot': CMAKE_PREFIX_PATH=${CMAKE_PREFIX_PATH}:/home/katharine/nav2_ws/install/nav2_gazebo_spawner:/opt/ros/foxy /usr/bin/cmake --install /home/katharine/Workspaces/dev_ws/build/basic_mobile_robot
[0.326s] -- Install configuration: ""
[0.328s] -- Up-to-date: /home/katharine/Workspaces/dev_ws/install/basic_mobile_robot/share/basic_mobile_robot/config
[0.330s] -- Up-to-date: /home/katharine/Workspaces/dev_ws/install/basic_mobile_robot/share/basic_mobile_robot/config/ekf.yaml
[0.331s] -- Up-to-date: /home/katharine/Workspaces/dev_ws/install/basic_mobile_robot/share/basic_mobile_robot/launch
[0.331s] -- Up-to-date: /home/katharine/Workspaces/dev_ws/install/basic_mobile_robot/share/basic_mobile_robot/launch/basic_mobile_bot_v5.launch.py
[0.332s] -- Up-to-date: /home/katharine/Workspaces/dev_ws/install/basic_mobile_robot/share/basic_mobile_robot/launch/basic_mobile_bot_v2.launch.py
[0.334s] -- Up-to-date: /home/katharine/Workspaces/dev_ws/install/basic_mobile_robot/share/basic_mobile_robot/launch/basic_mobile_bot_v1.launch.py
[0.335s] -- Up-to-date: /home/katharine/Workspaces/dev_ws/install/basic_mobile_robot/share/basic_mobile_robot/launch/basic_mobile_bot_v4.launch.py
[0.335s] -- Up-to-date: /home/katharine/Workspaces/dev_ws/install/basic_mobile_robot/share/basic_mobile_robot/maps
[0.336s] -- Up-to-date: /home/katharine/Workspaces/dev_ws/install/basic_mobile_robot/share/basic_mobile_robot/meshes
[0.337s] -- Up-to-date: /home/katharine/Workspaces/dev_ws/install/basic_mobile_robot/share/basic_mobile_robot/meshes/bicep.stl
[0.338s] -- Up-to-date: /home/katharine/Workspaces/dev_ws/install/basic_mobile_robot/share/basic_mobile_robot/meshes/robot_base.stl
[0.339s] -- Up-to-date: /home/katharine/Workspaces/dev_ws/install/basic_mobile_robot/share/basic_mobile_robot/meshes/elbow.stl
[0.339s] -- Up-to-date: /home/katharine/Workspaces/dev_ws/install/basic_mobile_robot/share/basic_mobile_robot/meshes/arm_base.stl
[0.340s] -- Up-to-date: /home/katharine/Workspaces/dev_ws/install/basic_mobile_robot/share/basic_mobile_robot/meshes/wheel.stl
[0.341s] -- Up-to-date: /home/katharine/Workspaces/dev_ws/install/basic_mobile_robot/share/basic_mobile_robot/meshes/wrist.stl
[0.341s] -- Up-to-date: /home/katharine/Workspaces/dev_ws/install/basic_mobile_robot/share/basic_mobile_robot/models
[0.342s] -- Up-to-date: /home/katharine/Workspaces/dev_ws/install/basic_mobile_robot/share/basic_mobile_robot/models/basic_mobile_bot_v2.urdf
[0.342s] -- Up-to-date: /home/katharine/Workspaces/dev_ws/install/basic_mobile_robot/share/basic_mobile_robot/models/basic_mobile_bot_description
[0.342s] -- Up-to-date: /home/katharine/Workspaces/dev_ws/install/basic_mobile_robot/share/basic_mobile_robot/models/basic_mobile_bot_description/meshes
[0.342s] -- Up-to-date: /home/katharine/Workspaces/dev_ws/install/basic_mobile_robot/share/basic_mobile_robot/models/basic_mobile_bot_description/meshes/bicep.stl
[0.343s] -- Up-to-date: /home/katharine/Workspaces/dev_ws/install/basic_mobile_robot/share/basic_mobile_robot/models/basic_mobile_bot_description/meshes/robot_base.stl
[0.343s] -- Up-to-date: /home/katharine/Workspaces/dev_ws/install/basic_mobile_robot/share/basic_mobile_robot/models/basic_mobile_bot_description/meshes/elbow.stl
[0.343s] -- Up-to-date: /home/katharine/Workspaces/dev_ws/install/basic_mobile_robot/share/basic_mobile_robot/models/basic_mobile_bot_description/meshes/arm_base.stl
[0.343s] -- Up-to-date: /home/katharine/Workspaces/dev_ws/install/basic_mobile_robot/share/basic_mobile_robot/models/basic_mobile_bot_description/meshes/wheel.stl
[0.344s] -- Up-to-date: /home/katharine/Workspaces/dev_ws/install/basic_mobile_robot/share/basic_mobile_robot/models/basic_mobile_bot_description/meshes/wrist.stl
[0.344s] -- Up-to-date: /home/katharine/Workspaces/dev_ws/install/basic_mobile_robot/share/basic_mobile_robot/models/basic_mobile_bot_description/model.sdf
[0.345s] -- Up-to-date: /home/katharine/Workspaces/dev_ws/install/basic_mobile_robot/share/basic_mobile_robot/models/basic_mobile_bot_description/model.config
[0.345s] -- Up-to-date: /home/katharine/Workspaces/dev_ws/install/basic_mobile_robot/share/basic_mobile_robot/models/basic_mobile_bot_v1.urdf
[0.356s] -- Up-to-date: /home/katharine/Workspaces/dev_ws/install/basic_mobile_robot/share/basic_mobile_robot/params
[0.358s] -- Installing: /home/katharine/Workspaces/dev_ws/install/basic_mobile_robot/share/basic_mobile_robot/params/nav2_params.yaml
[0.358s] -- Up-to-date: /home/katharine/Workspaces/dev_ws/install/basic_mobile_robot/share/basic_mobile_robot/rviz
[0.359s] -- Up-to-date: /home/katharine/Workspaces/dev_ws/install/basic_mobile_robot/share/basic_mobile_robot/rviz/urdf_config.rviz
[0.360s] -- Up-to-date: /home/katharine/Workspaces/dev_ws/install/basic_mobile_robot/share/basic_mobile_robot/rviz/nav2_config.rviz
[0.360s] -- Up-to-date: /home/katharine/Workspaces/dev_ws/install/basic_mobile_robot/share/basic_mobile_robot/src
[0.361s] -- Up-to-date: /home/katharine/Workspaces/dev_ws/install/basic_mobile_robot/share/basic_mobile_robot/worlds
[0.362s] -- Up-to-date: /home/katharine/Workspaces/dev_ws/install/basic_mobile_robot/share/basic_mobile_robot/worlds/basic_mobile_bot_world
[0.362s] -- Up-to-date: /home/katharine/Workspaces/dev_ws/install/basic_mobile_robot/share/basic_mobile_robot/worlds/basic_mobile_bot_world/smalltown.world
[0.363s] -- Up-to-date: /home/katharine/Workspaces/dev_ws/install/basic_mobile_robot/share/ament_index/resource_index/package_run_dependencies/basic_mobile_robot
[0.363s] -- Up-to-date: /home/katharine/Workspaces/dev_ws/install/basic_mobile_robot/share/ament_index/resource_index/parent_prefix_path/basic_mobile_robot
[0.364s] -- Up-to-date: /home/katharine/Workspaces/dev_ws/install/basic_mobile_robot/share/basic_mobile_robot/environment/ament_prefix_path.sh
[0.364s] -- Up-to-date: /home/katharine/Workspaces/dev_ws/install/basic_mobile_robot/share/basic_mobile_robot/environment/ament_prefix_path.dsv
[0.365s] -- Up-to-date: /home/katharine/Workspaces/dev_ws/install/basic_mobile_robot/share/basic_mobile_robot/environment/path.sh
[0.366s] -- Up-to-date: /home/katharine/Workspaces/dev_ws/install/basic_mobile_robot/share/basic_mobile_robot/environment/path.dsv
[0.366s] -- Up-to-date: /home/katharine/Workspaces/dev_ws/install/basic_mobile_robot/share/basic_mobile_robot/local_setup.bash
[0.366s] -- Up-to-date: /home/katharine/Workspaces/dev_ws/install/basic_mobile_robot/share/basic_mobile_robot/local_setup.sh
[0.367s] -- Up-to-date: /home/katharine/Workspaces/dev_ws/install/basic_mobile_robot/share/basic_mobile_robot/local_setup.zsh
[0.367s] -- Up-to-date: /home/katharine/Workspaces/dev_ws/install/basic_mobile_robot/share/basic_mobile_robot/local_setup.dsv
[0.368s] -- Installing: /home/katharine/Workspaces/dev_ws/install/basic_mobile_robot/share/basic_mobile_robot/package.dsv
[0.368s] -- Up-to-date: /home/katharine/Workspaces/dev_ws/install/basic_mobile_robot/share/ament_index/resource_index/packages/basic_mobile_robot
[0.369s] -- Up-to-date: /home/katharine/Workspaces/dev_ws/install/basic_mobile_robot/share/basic_mobile_robot/cmake/basic_mobile_robotConfig.cmake
[0.370s] -- Up-to-date: /home/katharine/Workspaces/dev_ws/install/basic_mobile_robot/share/basic_mobile_robot/cmake/basic_mobile_robotConfig-version.cmake
[0.371s] -- Up-to-date: /home/katharine/Workspaces/dev_ws/install/basic_mobile_robot/share/basic_mobile_robot/package.xml
[0.372s] Invoked command in '/home/katharine/Workspaces/dev_ws/build/basic_mobile_robot' returned '0': CMAKE_PREFIX_PATH=${CMAKE_PREFIX_PATH}:/home/katharine/nav2_ws/install/nav2_gazebo_spawner:/opt/ros/foxy /usr/bin/cmake --install /home/katharine/Workspaces/dev_ws/build/basic_mobile_robot
