[3.533s] Invoking command in '/home/katharine/Workspaces/dev_ws/src/rover_location_optitrack_pkg': PYTHONPATH=/home/katharine/Workspaces/dev_ws/install/rover_location_optitrack_pkg/lib/python3.8/site-packages:${PYTHONPATH} /usr/bin/python3 setup.py egg_info --egg-base ../../build/rover_location_optitrack_pkg build --build-base /home/katharine/Workspaces/dev_ws/build/rover_location_optitrack_pkg/build install --prefix /home/katharine/Workspaces/dev_ws/install/rover_location_optitrack_pkg --record /home/katharine/Workspaces/dev_ws/build/rover_location_optitrack_pkg/install.log --single-version-externally-managed
[5.130s] running egg_info
[5.136s] writing ../../build/rover_location_optitrack_pkg/rover_location_optitrack_pkg.egg-info/PKG-INFO
[5.142s] writing dependency_links to ../../build/rover_location_optitrack_pkg/rover_location_optitrack_pkg.egg-info/dependency_links.txt
[5.147s] writing entry points to ../../build/rover_location_optitrack_pkg/rover_location_optitrack_pkg.egg-info/entry_points.txt
[5.149s] writing requirements to ../../build/rover_location_optitrack_pkg/rover_location_optitrack_pkg.egg-info/requires.txt
[5.152s] writing top-level names to ../../build/rover_location_optitrack_pkg/rover_location_optitrack_pkg.egg-info/top_level.txt
[5.426s] reading manifest file '../../build/rover_location_optitrack_pkg/rover_location_optitrack_pkg.egg-info/SOURCES.txt'
[5.430s] writing manifest file '../../build/rover_location_optitrack_pkg/rover_location_optitrack_pkg.egg-info/SOURCES.txt'
[5.431s] running build
[5.431s] running build_py
[5.432s] copying rover_location_optitrack_pkg/optitrack_client.py -> /home/katharine/Workspaces/dev_ws/build/rover_location_optitrack_pkg/build/lib/rover_location_optitrack_pkg
[5.433s] running install
[5.437s] running install_lib
[5.441s] copying /home/katharine/Workspaces/dev_ws/build/rover_location_optitrack_pkg/build/lib/rover_location_optitrack_pkg/optitrack_client.py -> /home/katharine/Workspaces/dev_ws/install/rover_location_optitrack_pkg/lib/python3.8/site-packages/rover_location_optitrack_pkg
[5.444s] byte-compiling /home/katharine/Workspaces/dev_ws/install/rover_location_optitrack_pkg/lib/python3.8/site-packages/rover_location_optitrack_pkg/optitrack_client.py to optitrack_client.cpython-38.pyc
[5.449s] running install_data
[5.451s] running install_egg_info
[5.457s] removing '/home/katharine/Workspaces/dev_ws/install/rover_location_optitrack_pkg/lib/python3.8/site-packages/rover_location_optitrack_pkg-0.0.0-py3.8.egg-info' (and everything under it)
[5.458s] Copying ../../build/rover_location_optitrack_pkg/rover_location_optitrack_pkg.egg-info to /home/katharine/Workspaces/dev_ws/install/rover_location_optitrack_pkg/lib/python3.8/site-packages/rover_location_optitrack_pkg-0.0.0-py3.8.egg-info
[5.461s] running install_scripts
[5.580s] Installing optitrack_client script to /home/katharine/Workspaces/dev_ws/install/rover_location_optitrack_pkg/lib/rover_location_optitrack_pkg
[5.581s] writing list of installed files to '/home/katharine/Workspaces/dev_ws/build/rover_location_optitrack_pkg/install.log'
[5.710s] Invoked command in '/home/katharine/Workspaces/dev_ws/src/rover_location_optitrack_pkg' returned '0': PYTHONPATH=/home/katharine/Workspaces/dev_ws/install/rover_location_optitrack_pkg/lib/python3.8/site-packages:${PYTHONPATH} /usr/bin/python3 setup.py egg_info --egg-base ../../build/rover_location_optitrack_pkg build --build-base /home/katharine/Workspaces/dev_ws/build/rover_location_optitrack_pkg/build install --prefix /home/katharine/Workspaces/dev_ws/install/rover_location_optitrack_pkg --record /home/katharine/Workspaces/dev_ws/build/rover_location_optitrack_pkg/install.log --single-version-externally-managed
