[3.254s] Invoking command in '/home/katharine/Workspaces/dev_ws/src/rover_location_optitrack_pkg': PYTHONPATH=/home/katharine/Workspaces/dev_ws/install/rover_location_optitrack_pkg/lib/python3.8/site-packages:${PYTHONPATH} /usr/bin/python3 setup.py egg_info --egg-base ../../build/rover_location_optitrack_pkg build --build-base /home/katharine/Workspaces/dev_ws/build/rover_location_optitrack_pkg/build install --prefix /home/katharine/Workspaces/dev_ws/install/rover_location_optitrack_pkg --record /home/katharine/Workspaces/dev_ws/build/rover_location_optitrack_pkg/install.log --single-version-externally-managed
[4.429s] running egg_info
[4.433s] writing ../../build/rover_location_optitrack_pkg/rover_location_optitrack_pkg.egg-info/PKG-INFO
[4.435s] writing dependency_links to ../../build/rover_location_optitrack_pkg/rover_location_optitrack_pkg.egg-info/dependency_links.txt
[4.437s] writing entry points to ../../build/rover_location_optitrack_pkg/rover_location_optitrack_pkg.egg-info/entry_points.txt
[4.438s] writing requirements to ../../build/rover_location_optitrack_pkg/rover_location_optitrack_pkg.egg-info/requires.txt
[4.439s] writing top-level names to ../../build/rover_location_optitrack_pkg/rover_location_optitrack_pkg.egg-info/top_level.txt
[4.612s] reading manifest file '../../build/rover_location_optitrack_pkg/rover_location_optitrack_pkg.egg-info/SOURCES.txt'
[4.619s] writing manifest file '../../build/rover_location_optitrack_pkg/rover_location_optitrack_pkg.egg-info/SOURCES.txt'
[4.620s] running build
[4.620s] running build_py
[4.621s] copying rover_location_optitrack_pkg/optitrack_client.py -> /home/katharine/Workspaces/dev_ws/build/rover_location_optitrack_pkg/build/lib/rover_location_optitrack_pkg
[4.623s] running install
[4.627s] running install_lib
[4.635s] copying /home/katharine/Workspaces/dev_ws/build/rover_location_optitrack_pkg/build/lib/rover_location_optitrack_pkg/optitrack_client.py -> /home/katharine/Workspaces/dev_ws/install/rover_location_optitrack_pkg/lib/python3.8/site-packages/rover_location_optitrack_pkg
[4.639s] byte-compiling /home/katharine/Workspaces/dev_ws/install/rover_location_optitrack_pkg/lib/python3.8/site-packages/rover_location_optitrack_pkg/optitrack_client.py to optitrack_client.cpython-38.pyc
[4.644s] running install_data
[4.648s] running install_egg_info
[4.654s] removing '/home/katharine/Workspaces/dev_ws/install/rover_location_optitrack_pkg/lib/python3.8/site-packages/rover_location_optitrack_pkg-0.0.0-py3.8.egg-info' (and everything under it)
[4.658s] Copying ../../build/rover_location_optitrack_pkg/rover_location_optitrack_pkg.egg-info to /home/katharine/Workspaces/dev_ws/install/rover_location_optitrack_pkg/lib/python3.8/site-packages/rover_location_optitrack_pkg-0.0.0-py3.8.egg-info
[4.662s] running install_scripts
[4.754s] Installing optitrack_client script to /home/katharine/Workspaces/dev_ws/install/rover_location_optitrack_pkg/lib/rover_location_optitrack_pkg
[4.759s] writing list of installed files to '/home/katharine/Workspaces/dev_ws/build/rover_location_optitrack_pkg/install.log'
[4.846s] Invoked command in '/home/katharine/Workspaces/dev_ws/src/rover_location_optitrack_pkg' returned '0': PYTHONPATH=/home/katharine/Workspaces/dev_ws/install/rover_location_optitrack_pkg/lib/python3.8/site-packages:${PYTHONPATH} /usr/bin/python3 setup.py egg_info --egg-base ../../build/rover_location_optitrack_pkg build --build-base /home/katharine/Workspaces/dev_ws/build/rover_location_optitrack_pkg/build install --prefix /home/katharine/Workspaces/dev_ws/install/rover_location_optitrack_pkg --record /home/katharine/Workspaces/dev_ws/build/rover_location_optitrack_pkg/install.log --single-version-externally-managed
