[0.061s] Invoking command in '/home/katharine/Workspaces/dev_ws/build/basic_mobile_robot': CMAKE_PREFIX_PATH=${CMAKE_PREFIX_PATH}:/home/katharine/nav2_ws/install/nav2_gazebo_spawner:/opt/ros/foxy /usr/bin/cmake --build /home/katharine/Workspaces/dev_ws/build/basic_mobile_robot -- -j2 -l2
[0.194s] Invoked command in '/home/katharine/Workspaces/dev_ws/build/basic_mobile_robot' returned '0': CMAKE_PREFIX_PATH=${CMAKE_PREFIX_PATH}:/home/katharine/nav2_ws/install/nav2_gazebo_spawner:/opt/ros/foxy /usr/bin/cmake --build /home/katharine/Workspaces/dev_ws/build/basic_mobile_robot -- -j2 -l2
[0.245s] Invoking command in '/home/katharine/Workspaces/dev_ws/build/basic_mobile_robot': CMAKE_PREFIX_PATH=${CMAKE_PREFIX_PATH}:/home/katharine/nav2_ws/install/nav2_gazebo_spawner:/opt/ros/foxy /usr/bin/cmake --install /home/katharine/Workspaces/dev_ws/build/basic_mobile_robot
[0.294s] -- Install configuration: ""
[0.294s] -- Up-to-date: /home/katharine/Workspaces/dev_ws/install/basic_mobile_robot/share/basic_mobile_robot/config
[0.295s] -- Up-to-date: /home/katharine/Workspaces/dev_ws/install/basic_mobile_robot/share/basic_mobile_robot/config/ekf.yaml
[0.296s] -- Up-to-date: /home/katharine/Workspaces/dev_ws/install/basic_mobile_robot/share/basic_mobile_robot/launch
[0.296s] -- Up-to-date: /home/katharine/Workspaces/dev_ws/install/basic_mobile_robot/share/basic_mobile_robot/launch/basic_mobile_bot_v5.launch.py
[0.297s] -- Up-to-date: /home/katharine/Workspaces/dev_ws/install/basic_mobile_robot/share/basic_mobile_robot/launch/basic_mobile_bot_v2.launch.py
[0.297s] -- Up-to-date: /home/katharine/Workspaces/dev_ws/install/basic_mobile_robot/share/basic_mobile_robot/launch/basic_mobile_bot_v1.launch.py
[0.298s] -- Up-to-date: /home/katharine/Workspaces/dev_ws/install/basic_mobile_robot/share/basic_mobile_robot/launch/basic_mobile_bot_v4.launch.py
[0.298s] -- Installing: /home/katharine/Workspaces/dev_ws/install/basic_mobile_robot/share/basic_mobile_robot/launch/urg_launch.py
[0.300s] -- Up-to-date: /home/katharine/Workspaces/dev_ws/install/basic_mobile_robot/share/basic_mobile_robot/launch/map_saver.launch.py
[0.301s] -- Installing: /home/katharine/Workspaces/dev_ws/install/basic_mobile_robot/share/basic_mobile_robot/launch/basic_mobile_bot_slam.launch.py
[0.302s] -- Up-to-date: /home/katharine/Workspaces/dev_ws/install/basic_mobile_robot/share/basic_mobile_robot/maps
[0.303s] -- Up-to-date: /home/katharine/Workspaces/dev_ws/install/basic_mobile_robot/share/basic_mobile_robot/meshes
[0.304s] -- Up-to-date: /home/katharine/Workspaces/dev_ws/install/basic_mobile_robot/share/basic_mobile_robot/meshes/bicep.stl
[0.305s] -- Installing: /home/katharine/Workspaces/dev_ws/install/basic_mobile_robot/share/basic_mobile_robot/meshes/Chasis.stl
[0.306s] -- Up-to-date: /home/katharine/Workspaces/dev_ws/install/basic_mobile_robot/share/basic_mobile_robot/meshes/robot_base.stl
[0.307s] -- Up-to-date: /home/katharine/Workspaces/dev_ws/install/basic_mobile_robot/share/basic_mobile_robot/meshes/elbow.stl
[0.307s] -- Up-to-date: /home/katharine/Workspaces/dev_ws/install/basic_mobile_robot/share/basic_mobile_robot/meshes/arm_base.stl
[0.307s] -- Up-to-date: /home/katharine/Workspaces/dev_ws/install/basic_mobile_robot/share/basic_mobile_robot/meshes/wheel.stl
[0.308s] -- Installing: /home/katharine/Workspaces/dev_ws/install/basic_mobile_robot/share/basic_mobile_robot/meshes/Orugas.stl
[0.308s] -- Up-to-date: /home/katharine/Workspaces/dev_ws/install/basic_mobile_robot/share/basic_mobile_robot/meshes/wrist.stl
[0.309s] -- Up-to-date: /home/katharine/Workspaces/dev_ws/install/basic_mobile_robot/share/basic_mobile_robot/models
[0.309s] -- Installing: /home/katharine/Workspaces/dev_ws/install/basic_mobile_robot/share/basic_mobile_robot/models/basic_mobile_bot_v2.urdf
[0.309s] -- Up-to-date: /home/katharine/Workspaces/dev_ws/install/basic_mobile_robot/share/basic_mobile_robot/models/basic_mobile_bot_description
[0.310s] -- Up-to-date: /home/katharine/Workspaces/dev_ws/install/basic_mobile_robot/share/basic_mobile_robot/models/basic_mobile_bot_description/meshes
[0.311s] -- Up-to-date: /home/katharine/Workspaces/dev_ws/install/basic_mobile_robot/share/basic_mobile_robot/models/basic_mobile_bot_description/meshes/bicep.stl
[0.311s] -- Installing: /home/katharine/Workspaces/dev_ws/install/basic_mobile_robot/share/basic_mobile_robot/models/basic_mobile_bot_description/meshes/Chasis.stl
[0.312s] -- Up-to-date: /home/katharine/Workspaces/dev_ws/install/basic_mobile_robot/share/basic_mobile_robot/models/basic_mobile_bot_description/meshes/robot_base.stl
[0.312s] -- Up-to-date: /home/katharine/Workspaces/dev_ws/install/basic_mobile_robot/share/basic_mobile_robot/models/basic_mobile_bot_description/meshes/elbow.stl
[0.313s] -- Up-to-date: /home/katharine/Workspaces/dev_ws/install/basic_mobile_robot/share/basic_mobile_robot/models/basic_mobile_bot_description/meshes/arm_base.stl
[0.313s] -- Up-to-date: /home/katharine/Workspaces/dev_ws/install/basic_mobile_robot/share/basic_mobile_robot/models/basic_mobile_bot_description/meshes/wheel.stl
[0.314s] -- Installing: /home/katharine/Workspaces/dev_ws/install/basic_mobile_robot/share/basic_mobile_robot/models/basic_mobile_bot_description/meshes/Orugas.stl
[0.314s] -- Up-to-date: /home/katharine/Workspaces/dev_ws/install/basic_mobile_robot/share/basic_mobile_robot/models/basic_mobile_bot_description/meshes/wrist.stl
[0.315s] -- Installing: /home/katharine/Workspaces/dev_ws/install/basic_mobile_robot/share/basic_mobile_robot/models/basic_mobile_bot_description/model.sdf
[0.316s] -- Installing: /home/katharine/Workspaces/dev_ws/install/basic_mobile_robot/share/basic_mobile_robot/models/basic_mobile_bot_description/model1.sdf
[0.316s] -- Up-to-date: /home/katharine/Workspaces/dev_ws/install/basic_mobile_robot/share/basic_mobile_robot/models/basic_mobile_bot_description/model.config
[0.317s] -- Installing: /home/katharine/Workspaces/dev_ws/install/basic_mobile_robot/share/basic_mobile_robot/models/basic_mobile_bot_description/original.txt
[0.318s] -- Installing: /home/katharine/Workspaces/dev_ws/install/basic_mobile_robot/share/basic_mobile_robot/models/basic_mobile_bot_v2 original.urdf
[0.319s] -- Up-to-date: /home/katharine/Workspaces/dev_ws/install/basic_mobile_robot/share/basic_mobile_robot/models/basic_mobile_bot_v1.urdf
[0.319s] -- Up-to-date: /home/katharine/Workspaces/dev_ws/install/basic_mobile_robot/share/basic_mobile_robot/params
[0.320s] -- Installing: /home/katharine/Workspaces/dev_ws/install/basic_mobile_robot/share/basic_mobile_robot/params/mapper_params_online_sync.yaml
[0.320s] -- Up-to-date: /home/katharine/Workspaces/dev_ws/install/basic_mobile_robot/share/basic_mobile_robot/params/map_saver_params.yaml
[0.321s] -- Installing: /home/katharine/Workspaces/dev_ws/install/basic_mobile_robot/share/basic_mobile_robot/params/urg.yaml
[0.322s] -- Installing: /home/katharine/Workspaces/dev_ws/install/basic_mobile_robot/share/basic_mobile_robot/params/nav2_params.yaml
[0.322s] -- Up-to-date: /home/katharine/Workspaces/dev_ws/install/basic_mobile_robot/share/basic_mobile_robot/rviz
[0.323s] -- Up-to-date: /home/katharine/Workspaces/dev_ws/install/basic_mobile_robot/share/basic_mobile_robot/rviz/urdf_config.rviz
[0.323s] -- Up-to-date: /home/katharine/Workspaces/dev_ws/install/basic_mobile_robot/share/basic_mobile_robot/rviz/nav2_config.rviz
[0.324s] -- Up-to-date: /home/katharine/Workspaces/dev_ws/install/basic_mobile_robot/share/basic_mobile_robot/src
[0.324s] -- Up-to-date: /home/katharine/Workspaces/dev_ws/install/basic_mobile_robot/share/basic_mobile_robot/worlds
[0.325s] -- Up-to-date: /home/katharine/Workspaces/dev_ws/install/basic_mobile_robot/share/basic_mobile_robot/worlds/basic_mobile_bot_world
[0.325s] -- Up-to-date: /home/katharine/Workspaces/dev_ws/install/basic_mobile_robot/share/basic_mobile_robot/worlds/basic_mobile_bot_world/smalltown.world
[0.326s] -- Up-to-date: /home/katharine/Workspaces/dev_ws/install/basic_mobile_robot/share/ament_index/resource_index/package_run_dependencies/basic_mobile_robot
[0.326s] -- Up-to-date: /home/katharine/Workspaces/dev_ws/install/basic_mobile_robot/share/ament_index/resource_index/parent_prefix_path/basic_mobile_robot
[0.326s] -- Up-to-date: /home/katharine/Workspaces/dev_ws/install/basic_mobile_robot/share/basic_mobile_robot/environment/ament_prefix_path.sh
[0.327s] -- Up-to-date: /home/katharine/Workspaces/dev_ws/install/basic_mobile_robot/share/basic_mobile_robot/environment/ament_prefix_path.dsv
[0.327s] -- Up-to-date: /home/katharine/Workspaces/dev_ws/install/basic_mobile_robot/share/basic_mobile_robot/environment/path.sh
[0.327s] -- Up-to-date: /home/katharine/Workspaces/dev_ws/install/basic_mobile_robot/share/basic_mobile_robot/environment/path.dsv
[0.327s] -- Up-to-date: /home/katharine/Workspaces/dev_ws/install/basic_mobile_robot/share/basic_mobile_robot/local_setup.bash
[0.328s] -- Up-to-date: /home/katharine/Workspaces/dev_ws/install/basic_mobile_robot/share/basic_mobile_robot/local_setup.sh
[0.328s] -- Up-to-date: /home/katharine/Workspaces/dev_ws/install/basic_mobile_robot/share/basic_mobile_robot/local_setup.zsh
[0.328s] -- Up-to-date: /home/katharine/Workspaces/dev_ws/install/basic_mobile_robot/share/basic_mobile_robot/local_setup.dsv
[0.329s] -- Installing: /home/katharine/Workspaces/dev_ws/install/basic_mobile_robot/share/basic_mobile_robot/package.dsv
[0.329s] -- Up-to-date: /home/katharine/Workspaces/dev_ws/install/basic_mobile_robot/share/ament_index/resource_index/packages/basic_mobile_robot
[0.329s] -- Up-to-date: /home/katharine/Workspaces/dev_ws/install/basic_mobile_robot/share/basic_mobile_robot/cmake/basic_mobile_robotConfig.cmake
[0.329s] -- Up-to-date: /home/katharine/Workspaces/dev_ws/install/basic_mobile_robot/share/basic_mobile_robot/cmake/basic_mobile_robotConfig-version.cmake
[0.330s] -- Up-to-date: /home/katharine/Workspaces/dev_ws/install/basic_mobile_robot/share/basic_mobile_robot/package.xml
[0.336s] Invoked command in '/home/katharine/Workspaces/dev_ws/build/basic_mobile_robot' returned '0': CMAKE_PREFIX_PATH=${CMAKE_PREFIX_PATH}:/home/katharine/nav2_ws/install/nav2_gazebo_spawner:/opt/ros/foxy /usr/bin/cmake --install /home/katharine/Workspaces/dev_ws/build/basic_mobile_robot
